[INFO] [launch]: All log files can be found below /home/tankcc/.ros/log/2026-07-01-11-23-40-121424-tankcc-OMEN-by-HP-Gaming-Laptop-16-k0xxx-37796
[INFO] [launch]: Default logging verbosity is set to INFO
[INFO] [lidar_processor_node-1]: process started with pid [37799]
[INFO] [lidar_camera_overlay_node-2]: process started with pid [37801]
[INFO] [lidar_dbscan_cluster_node-3]: process started with pid [37803]
[INFO] [map_astar_planner_node-4]: process started with pid [37805]
[INFO] [local_path_node-5]: process started with pid [37807]
[INFO] [tank_controller_node-6]: process started with pid [37809]
[lidar_camera_overlay_node-2] [INFO] [1782872620.686470329] [lidar_camera_overlay_node]: LiDAR-camera overlay node started
[lidar_camera_overlay_node-2] [INFO] [1782872620.686987189] [lidar_camera_overlay_node]: subscribe image: /tank/camera/image_compressed
[lidar_camera_overlay_node-2] [INFO] [1782872620.687365408] [lidar_camera_overlay_node]: subscribe info : /tank/api/info/compact
[lidar_camera_overlay_node-2] [INFO] [1782872620.687834787] [lidar_camera_overlay_node]: subscribe lidar: /tank/sensor/lidar/detected_points_map
[lidar_camera_overlay_node-2] [INFO] [1782872620.688359550] [lidar_camera_overlay_node]: publish image  : /tank/camera/lidar_projection/image
[lidar_camera_overlay_node-2] [INFO] [1782872620.688854618] [lidar_camera_overlay_node]: projection config: /home/tankcc/tankcc/install/path_planning/share/path_planning/config/fusion_mapping.yaml
[lidar_camera_overlay_node-2] [INFO] [1782872620.689365965] [lidar_camera_overlay_node]: effective projection params: {'tx': 0.28, 'ty': 0.02, 'tz': 11.8, 'yaw_offset': 1.1, 'pitch_offset': 1.5, 'roll_offset': -0.3, 'hfov': 86.0, 'vfov': 60.2, 'body_pitch_gain': 1.0, 'body_roll_gain': 1.0}
[tank_controller_node-6] [INFO] [1782872620.689390675] [tank_team_path_controller_node]: Team path controller initialized: max_speed=13.60, max_yaw_rate=40.00, local_target=False
[local_path_node-5] [INFO] [1782872620.755737482] [tank_local_path_node]: local_path_node started (PC2 Optimized Version)
[local_path_node-5] [INFO] [1782872620.758612366] [tank_local_path_node]: Loaded recon static obstacles for matching: 301
[local_path_node-5] [INFO] [1782872621.289303736] [tank_local_path_node]: Loaded recon static obstacles for matching: 301
[map_astar_planner_node-4] [INFO] [1782872621.454027408] [tank_team_dynamic_astar_planner_node]: static map obstacles loaded: 301 from /home/tankcc/tankcc/install/rviz_visualization/share/rviz_visualization/map/finalmap.map
[map_astar_planner_node-4] [INFO] [1782872621.470749367] [tank_team_dynamic_astar_planner_node]: Team Dynamic A* planner initialized: use_gt_obstacles=False, dynamic_replan=True, goal=(110.0, 276.5), resolution=1.0, inflate=4.5, route_waypoints=True:finalmap/A, cluster_bboxes=True, cluster_memory=True, static_inflate=2.0, discovered_astar=True, route_lock=6.0s, route_index_never_decrease=True, lidar_memory_block_trigger=False
[lidar_dbscan_cluster_node-3] [INFO] [1782872621.489174310] [lidar_dbscan_cluster_node]: lidar_dbscan_cluster_node started: input=/tank/sensor/lidar/detected_points_map(PC2), eps=1.5, min_samples=2, min_cluster_size=2, cluster_point_sample_limit=64
[lidar_processor_node-1] [INFO] [1782872621.494111528] [tank_lidar_processor_node]: LiDAR processor started: sub=/tank/api/info/raw, pub=/tank/sensor/lidar/detected_points_map obstacle-only, pub=/tank/sensor/lidar/terrain_points_map terrain-only, pub=/tank/sensor/lidar/all_detected_points_map all hits, legacy_json=False, ground_filter=True, grid=0.5, climb_limit=0.4
[map_astar_planner_node-4] [INFO] [1782872622.257566187] [tank_team_dynamic_astar_planner_node]: A* path updated: reason=initial, mode=route_waypoints:finalmap/A/west:next_checkpoint=0/2, points=17, rounded=2, unrounded=0, obstacles=0, lidar_bboxes=0, discovered_bboxes=0
[local_path_node-5] [INFO] [1782872622.260262930] [tank_local_path_node]: Loaded recon static obstacles for matching: 301
[local_path_node-5] [INFO] [1782872623.263516511] [tank_local_path_node]: Loaded recon static obstacles for matching: 301
[local_path_node-5] [INFO] [1782872624.268646844] [tank_local_path_node]: Loaded recon static obstacles for matching: 301
[map_astar_planner_node-4] [INFO] [1782872624.406061986] [tank_team_dynamic_astar_planner_node]: A* path updated: reason=emergency_lidar_cluster_path_blocked, mode=route_waypoints:finalmap/A/west:next_checkpoint=0/2, points=17, rounded=2, unrounded=0, obstacles=3, lidar_bboxes=3, discovered_bboxes=0
[local_path_node-5] [INFO] [1782872625.267296933] [tank_local_path_node]: Loaded recon static obstacles for matching: 301
[local_path_node-5] [INFO] [1782872626.258826730] [tank_local_path_node]: Loaded recon static obstacles for matching: 301
[local_path_node-5] [INFO] [1782872627.265150507] [tank_local_path_node]: Loaded recon static obstacles for matching: 301
[local_path_node-5] [INFO] [1782872628.259543344] [tank_local_path_node]: Loaded recon static obstacles for matching: 301
[map_astar_planner_node-4] [INFO] [1782872629.243800802] [tank_team_dynamic_astar_planner_node]: A* path updated: reason=lidar_path_blocked, mode=route_waypoints:finalmap/A/west:next_checkpoint=0/2, points=17, rounded=2, unrounded=0, obstacles=5, lidar_bboxes=5, discovered_bboxes=0
[local_path_node-5] [INFO] [1782872629.258780934] [tank_local_path_node]: Loaded recon static obstacles for matching: 301
[map_astar_planner_node-4] [INFO] [1782872630.149654690] [tank_team_dynamic_astar_planner_node]: A* path updated: reason=emergency_lidar_cluster_path_blocked, mode=route_waypoints:finalmap/A/west:next_checkpoint=0/2, points=21, rounded=3, unrounded=0, obstacles=6, lidar_bboxes=6, discovered_bboxes=0
[local_path_node-5] [INFO] [1782872630.282391649] [tank_local_path_node]: Loaded recon static obstacles for matching: 301
[map_astar_planner_node-4] [INFO] [1782872631.100548109] [tank_team_dynamic_astar_planner_node]: A* path updated: reason=emergency_lidar_cluster_path_blocked, mode=route_waypoints:finalmap/A/west:next_checkpoint=0/2, points=22, rounded=3, unrounded=0, obstacles=6, lidar_bboxes=6, discovered_bboxes=0
[local_path_node-5] [INFO] [1782872631.260906130] [tank_local_path_node]: Loaded recon static obstacles for matching: 301
[map_astar_planner_node-4] [INFO] [1782872632.039699791] [tank_team_dynamic_astar_planner_node]: A* path updated: reason=emergency_lidar_cluster_path_blocked, mode=route_waypoints:finalmap/A/west:next_checkpoint=0/2, points=21, rounded=3, unrounded=0, obstacles=6, lidar_bboxes=6, discovered_bboxes=0
[local_path_node-5] [INFO] [1782872632.261871605] [tank_local_path_node]: Loaded recon static obstacles for matching: 301
