[INFO] [launch]: All log files can be found below /home/tankcc/.ros/log/2026-07-01-12-10-09-010214-tankcc-OMEN-by-HP-Gaming-Laptop-16-k0xxx-94259
[INFO] [launch]: Default logging verbosity is set to INFO
[INFO] [static_map_loader_node-1]: process started with pid [94273]
[INFO] [rviz_visualizer_node-2]: process started with pid [94275]
[INFO] [terrain_record_finalize_node-3]: process started with pid [94277]
[INFO] [rviz2-4]: process started with pid [94279]
[rviz2-4] Warning: Ignoring XDG_SESSION_TYPE=wayland on Gnome. Use QT_QPA_PLATFORM=wayland to run on Wayland anyway.
[rviz2-4] [INFO] [1782875409.398756497] [rviz2]: Stereo is NOT SUPPORTED
[rviz2-4] [INFO] [1782875409.398845716] [rviz2]: OpenGl version: 4.6 (GLSL 4.6)
[rviz2-4] [INFO] [1782875409.418365067] [rviz2]: Stereo is NOT SUPPORTED
[terrain_record_finalize_node-3] [INFO] [1782875409.549772787] [terrain_record_finalize_node]: terrain_record_finalize_node started. Recording preclassified terrain=/tank/sensor/lidar/terrain_points_map, obstacle=/tank/sensor/lidar/detected_points_map. Mode=recording enabled, save_file=/home/tankcc/tankcc/tank_terrain_maps/terrain_map_latest.npz. Call /tank/terrain/finalize_map when driving is finished.
[rviz_visualizer_node-2] [INFO] [1782875409.551111380] [tank_rviz_visualizer_node]: tank_rviz_visualizer_node started
[rviz2-4] [INFO] [1782875409.594664827] [rviz2]: Stereo is NOT SUPPORTED
[static_map_loader_node-1] [INFO] [1782875409.744718504] [tank_static_map_loader_node]: Loaded static map (finalmap): 301 objects from /home/tankcc/tankcc/install/rviz_visualization/share/rviz_visualization/map/finalmap.map
[static_map_loader_node-1] [INFO] [1782875409.744984279] [tank_static_map_loader_node]: Static map mode=recon_only, publish_mission=False, publish_diff=False, publish_grids=True
[terrain_record_finalize_node-3] [INFO] [1782875413.934086550] [terrain_record_finalize_node]: Recording LiDAR terrain_frames=25, terrain_points=20338, obstacle_frames=25, obstacle_points=6295, stored_terrain=20338, stored_obstacle=6295
[terrain_record_finalize_node-3] [INFO] [1782875415.954096843] [terrain_record_finalize_node]: Recording LiDAR terrain_frames=50, terrain_points=40745, obstacle_frames=50, obstacle_points=12731, stored_terrain=40745, stored_obstacle=12731
[terrain_record_finalize_node-3] [INFO] [1782875417.713461981] [terrain_record_finalize_node]: Recording LiDAR terrain_frames=75, terrain_points=61955, obstacle_frames=75, obstacle_points=17317, stored_terrain=61955, stored_obstacle=17317
[terrain_record_finalize_node-3] [INFO] [1782875421.085695944] [terrain_record_finalize_node]: Recording LiDAR terrain_frames=100, terrain_points=85471, obstacle_frames=100, obstacle_points=21826, stored_terrain=85471, stored_obstacle=21826
[terrain_record_finalize_node-3] [INFO] [1782875425.002907603] [terrain_record_finalize_node]: Recording LiDAR terrain_frames=125, terrain_points=138090, obstacle_frames=125, obstacle_points=24146, stored_terrain=138090, stored_obstacle=24146
[terrain_record_finalize_node-3] [INFO] [1782875427.701039590] [terrain_record_finalize_node]: 기록된 LiDAR와 최종 지도 결과를 초기화했습니다.
[terrain_record_finalize_node-3] [INFO] [1782875432.841015143] [terrain_record_finalize_node]: Recording LiDAR terrain_frames=25, terrain_points=58269, obstacle_frames=25, obstacle_points=1018, stored_terrain=58269, stored_obstacle=1018
[terrain_record_finalize_node-3] [INFO] [1782875436.321628486] [terrain_record_finalize_node]: Recording LiDAR terrain_frames=50, terrain_points=115486, obstacle_frames=50, obstacle_points=2206, stored_terrain=115486, stored_obstacle=2206
[terrain_record_finalize_node-3] [INFO] [1782875440.234129588] [terrain_record_finalize_node]: Recording LiDAR terrain_frames=75, terrain_points=165539, obstacle_frames=75, obstacle_points=5559, stored_terrain=165539, stored_obstacle=5559
[terrain_record_finalize_node-3] [INFO] [1782875443.921933981] [terrain_record_finalize_node]: Recording LiDAR terrain_frames=100, terrain_points=217600, obstacle_frames=100, obstacle_points=9515, stored_terrain=217600, stored_obstacle=9515
[terrain_record_finalize_node-3] [INFO] [1782875447.066682064] [terrain_record_finalize_node]: Recording LiDAR terrain_frames=125, terrain_points=273606, obstacle_frames=125, obstacle_points=13446, stored_terrain=273606, stored_obstacle=13446
[terrain_record_finalize_node-3] [INFO] [1782875451.118193127] [terrain_record_finalize_node]: Recording LiDAR terrain_frames=150, terrain_points=334683, obstacle_frames=150, obstacle_points=17570, stored_terrain=334683, stored_obstacle=17570
[terrain_record_finalize_node-3] [INFO] [1782875455.008529415] [terrain_record_finalize_node]: Recording LiDAR terrain_frames=175, terrain_points=400084, obstacle_frames=175, obstacle_points=21075, stored_terrain=400084, stored_obstacle=21075
[terrain_record_finalize_node-3] [INFO] [1782875458.915584861] [terrain_record_finalize_node]: Recording LiDAR terrain_frames=200, terrain_points=462352, obstacle_frames=200, obstacle_points=24650, stored_terrain=462352, stored_obstacle=24650
[terrain_record_finalize_node-3] [INFO] [1782875462.239878025] [terrain_record_finalize_node]: Recording LiDAR terrain_frames=225, terrain_points=510808, obstacle_frames=225, obstacle_points=28098, stored_terrain=510808, stored_obstacle=28098
[terrain_record_finalize_node-3] [INFO] [1782875465.532899339] [terrain_record_finalize_node]: Recording LiDAR terrain_frames=250, terrain_points=552999, obstacle_frames=250, obstacle_points=32214, stored_terrain=552999, stored_obstacle=32214
[terrain_record_finalize_node-3] [INFO] [1782875469.314774128] [terrain_record_finalize_node]: Recording LiDAR terrain_frames=275, terrain_points=601251, obstacle_frames=275, obstacle_points=37092, stored_terrain=601251, stored_obstacle=37092
[terrain_record_finalize_node-3] [INFO] [1782875473.065541970] [terrain_record_finalize_node]: Recording LiDAR terrain_frames=300, terrain_points=647651, obstacle_frames=300, obstacle_points=39062, stored_terrain=647651, stored_obstacle=39062
[terrain_record_finalize_node-3] [INFO] [1782875477.008739323] [terrain_record_finalize_node]: Recording LiDAR terrain_frames=325, terrain_points=705971, obstacle_frames=325, obstacle_points=40586, stored_terrain=705971, stored_obstacle=40586
[terrain_record_finalize_node-3] [INFO] [1782875480.664318290] [terrain_record_finalize_node]: Recording LiDAR terrain_frames=350, terrain_points=757727, obstacle_frames=350, obstacle_points=42562, stored_terrain=757727, stored_obstacle=42562
[terrain_record_finalize_node-3] [INFO] [1782875484.443499140] [terrain_record_finalize_node]: Recording LiDAR terrain_frames=375, terrain_points=810920, obstacle_frames=375, obstacle_points=43873, stored_terrain=810920, stored_obstacle=43873
[terrain_record_finalize_node-3] [INFO] [1782875488.323336945] [terrain_record_finalize_node]: Recording LiDAR terrain_frames=400, terrain_points=864159, obstacle_frames=400, obstacle_points=45304, stored_terrain=864159, stored_obstacle=45304
[terrain_record_finalize_node-3] [INFO] [1782875492.229410769] [terrain_record_finalize_node]: Recording LiDAR terrain_frames=425, terrain_points=914171, obstacle_frames=425, obstacle_points=48073, stored_terrain=914171, stored_obstacle=48073
[terrain_record_finalize_node-3] [INFO] [1782875496.709118437] [terrain_record_finalize_node]: finalize 완료: frames=426, terrain_points=916023, obstacle_points=48256, stored_terrain=916023, stored_obstacle=48256, voxel_points=155312, ground=146234, non_ground=10105, method=preclassified_lidar_processor, save_file=/home/tankcc/tankcc/tank_terrain_maps/terrain_map_latest.npz
[terrain_record_finalize_node-3] [INFO] [1782875502.067083109] [terrain_record_finalize_node]: finalize 완료: frames=426, terrain_points=916023, obstacle_points=48256, stored_terrain=916023, stored_obstacle=48256, voxel_points=155493, ground=146425, non_ground=10105, method=preclassified_lidar_processor, save_file=/home/tankcc/tankcc/tank_terrain_maps/terrain_map_latest.npz
[terrain_record_finalize_node-3] [INFO] [1782875509.015489579] [terrain_record_finalize_node]: 기록된 LiDAR와 최종 지도 결과를 초기화했습니다.
[terrain_record_finalize_node-3] [INFO] [1782875514.433468015] [terrain_record_finalize_node]: Recording LiDAR terrain_frames=25, terrain_points=52561, obstacle_frames=25, obstacle_points=2298, stored_terrain=52561, stored_obstacle=2298
[terrain_record_finalize_node-3] [INFO] [1782875517.926302836] [terrain_record_finalize_node]: Recording LiDAR terrain_frames=50, terrain_points=105729, obstacle_frames=50, obstacle_points=3622, stored_terrain=105729, stored_obstacle=3622
[terrain_record_finalize_node-3] [INFO] [1782875522.108238566] [terrain_record_finalize_node]: Recording LiDAR terrain_frames=75, terrain_points=159136, obstacle_frames=75, obstacle_points=4955, stored_terrain=159136, stored_obstacle=4955
[terrain_record_finalize_node-3] [INFO] [1782875526.114691816] [terrain_record_finalize_node]: Recording LiDAR terrain_frames=100, terrain_points=207671, obstacle_frames=100, obstacle_points=9228, stored_terrain=207671, stored_obstacle=9228
[terrain_record_finalize_node-3] [INFO] [1782875529.721940478] [terrain_record_finalize_node]: Recording LiDAR terrain_frames=125, terrain_points=251418, obstacle_frames=125, obstacle_points=14170, stored_terrain=251418, stored_obstacle=14170
[terrain_record_finalize_node-3] [INFO] [1782875533.258967963] [terrain_record_finalize_node]: Recording LiDAR terrain_frames=150, terrain_points=291021, obstacle_frames=150, obstacle_points=21774, stored_terrain=291021, stored_obstacle=21774
[terrain_record_finalize_node-3] [INFO] [1782875536.452405311] [terrain_record_finalize_node]: Recording LiDAR terrain_frames=175, terrain_points=333640, obstacle_frames=175, obstacle_points=30219, stored_terrain=333640, stored_obstacle=30219
[terrain_record_finalize_node-3] [INFO] [1782875540.575947470] [terrain_record_finalize_node]: Recording LiDAR terrain_frames=200, terrain_points=376395, obstacle_frames=200, obstacle_points=40271, stored_terrain=376395, stored_obstacle=40271
[terrain_record_finalize_node-3] [INFO] [1782875544.212847813] [terrain_record_finalize_node]: Recording LiDAR terrain_frames=225, terrain_points=418169, obstacle_frames=225, obstacle_points=57565, stored_terrain=418169, stored_obstacle=57565
[terrain_record_finalize_node-3] [INFO] [1782875547.721686506] [terrain_record_finalize_node]: Recording LiDAR terrain_frames=250, terrain_points=470099, obstacle_frames=250, obstacle_points=69142, stored_terrain=470099, stored_obstacle=69142
[terrain_record_finalize_node-3] [INFO] [1782875551.317625058] [terrain_record_finalize_node]: Recording LiDAR terrain_frames=275, terrain_points=522212, obstacle_frames=275, obstacle_points=75621, stored_terrain=522212, stored_obstacle=75621
[terrain_record_finalize_node-3] [INFO] [1782875554.451258646] [terrain_record_finalize_node]: Recording LiDAR terrain_frames=300, terrain_points=567880, obstacle_frames=300, obstacle_points=82648, stored_terrain=567880, stored_obstacle=82648
[terrain_record_finalize_node-3] [INFO] [1782875557.876796625] [terrain_record_finalize_node]: Recording LiDAR terrain_frames=325, terrain_points=618749, obstacle_frames=325, obstacle_points=86810, stored_terrain=618749, stored_obstacle=86810
[terrain_record_finalize_node-3] [INFO] [1782875561.036083146] [terrain_record_finalize_node]: Recording LiDAR terrain_frames=350, terrain_points=664824, obstacle_frames=350, obstacle_points=89644, stored_terrain=664824, stored_obstacle=89644
[terrain_record_finalize_node-3] [INFO] [1782875565.030578811] [terrain_record_finalize_node]: Recording LiDAR terrain_frames=375, terrain_points=708558, obstacle_frames=375, obstacle_points=91495, stored_terrain=708558, stored_obstacle=91495
[terrain_record_finalize_node-3] [INFO] [1782875568.079981903] [terrain_record_finalize_node]: Recording LiDAR terrain_frames=400, terrain_points=745472, obstacle_frames=400, obstacle_points=92732, stored_terrain=745472, stored_obstacle=92732
[terrain_record_finalize_node-3] [INFO] [1782875571.409526006] [terrain_record_finalize_node]: Recording LiDAR terrain_frames=425, terrain_points=772776, obstacle_frames=425, obstacle_points=96004, stored_terrain=772776, stored_obstacle=96004
[terrain_record_finalize_node-3] [INFO] [1782875575.000674171] [terrain_record_finalize_node]: Recording LiDAR terrain_frames=450, terrain_points=804855, obstacle_frames=450, obstacle_points=99528, stored_terrain=804855, stored_obstacle=99528
[terrain_record_finalize_node-3] [INFO] [1782875578.434263744] [terrain_record_finalize_node]: Recording LiDAR terrain_frames=475, terrain_points=854068, obstacle_frames=475, obstacle_points=101995, stored_terrain=854068, stored_obstacle=101995
[terrain_record_finalize_node-3] [INFO] [1782875581.714593315] [terrain_record_finalize_node]: Recording LiDAR terrain_frames=500, terrain_points=904643, obstacle_frames=500, obstacle_points=104454, stored_terrain=904643, stored_obstacle=104454
[terrain_record_finalize_node-3] [INFO] [1782875584.986270820] [terrain_record_finalize_node]: Recording LiDAR terrain_frames=525, terrain_points=947490, obstacle_frames=525, obstacle_points=107256, stored_terrain=947490, stored_obstacle=107256
[terrain_record_finalize_node-3] [INFO] [1782875588.832473805] [terrain_record_finalize_node]: Recording LiDAR terrain_frames=550, terrain_points=979882, obstacle_frames=550, obstacle_points=110491, stored_terrain=979882, stored_obstacle=110491
[terrain_record_finalize_node-3] [INFO] [1782875592.638094734] [terrain_record_finalize_node]: Recording LiDAR terrain_frames=575, terrain_points=1003506, obstacle_frames=575, obstacle_points=115033, stored_terrain=1003506, stored_obstacle=115033
[terrain_record_finalize_node-3] [INFO] [1782875596.580811766] [terrain_record_finalize_node]: Recording LiDAR terrain_frames=600, terrain_points=1043515, obstacle_frames=600, obstacle_points=120026, stored_terrain=1043515, stored_obstacle=120026
[terrain_record_finalize_node-3] [INFO] [1782875600.867299273] [terrain_record_finalize_node]: Recording LiDAR terrain_frames=625, terrain_points=1082632, obstacle_frames=625, obstacle_points=124228, stored_terrain=1082632, stored_obstacle=124228
[terrain_record_finalize_node-3] [INFO] [1782875605.194215963] [terrain_record_finalize_node]: Recording LiDAR terrain_frames=650, terrain_points=1125322, obstacle_frames=650, obstacle_points=132621, stored_terrain=1125322, stored_obstacle=132621
[terrain_record_finalize_node-3] [INFO] [1782875609.459689384] [terrain_record_finalize_node]: Recording LiDAR terrain_frames=675, terrain_points=1167818, obstacle_frames=675, obstacle_points=143228, stored_terrain=1167818, stored_obstacle=143228
[terrain_record_finalize_node-3] [INFO] [1782875613.554707122] [terrain_record_finalize_node]: Recording LiDAR terrain_frames=700, terrain_points=1214016, obstacle_frames=700, obstacle_points=154653, stored_terrain=1214016, stored_obstacle=154653
[terrain_record_finalize_node-3] [INFO] [1782875617.984939420] [terrain_record_finalize_node]: Recording LiDAR terrain_frames=725, terrain_points=1265669, obstacle_frames=725, obstacle_points=163780, stored_terrain=1265669, stored_obstacle=163780
[terrain_record_finalize_node-3] [INFO] [1782875622.067472377] [terrain_record_finalize_node]: Recording LiDAR terrain_frames=750, terrain_points=1322976, obstacle_frames=750, obstacle_points=173062, stored_terrain=1322976, stored_obstacle=173062
[terrain_record_finalize_node-3] [INFO] [1782875625.912248399] [terrain_record_finalize_node]: Recording LiDAR terrain_frames=775, terrain_points=1378667, obstacle_frames=775, obstacle_points=183177, stored_terrain=1378667, stored_obstacle=183177
[terrain_record_finalize_node-3] [INFO] [1782875630.325178283] [terrain_record_finalize_node]: Recording LiDAR terrain_frames=800, terrain_points=1431743, obstacle_frames=800, obstacle_points=193967, stored_terrain=1431743, stored_obstacle=193967
[terrain_record_finalize_node-3] [INFO] [1782875634.120827086] [terrain_record_finalize_node]: Recording LiDAR terrain_frames=825, terrain_points=1480788, obstacle_frames=825, obstacle_points=204467, stored_terrain=1480788, stored_obstacle=204467
[terrain_record_finalize_node-3] [INFO] [1782875637.822883674] [terrain_record_finalize_node]: Recording LiDAR terrain_frames=850, terrain_points=1526008, obstacle_frames=850, obstacle_points=213482, stored_terrain=1526008, stored_obstacle=213482
[terrain_record_finalize_node-3] [INFO] [1782875641.958038477] [terrain_record_finalize_node]: Recording LiDAR terrain_frames=875, terrain_points=1569578, obstacle_frames=875, obstacle_points=220551, stored_terrain=1569578, stored_obstacle=220551
[terrain_record_finalize_node-3] [INFO] [1782875645.736924225] [terrain_record_finalize_node]: Recording LiDAR terrain_frames=900, terrain_points=1614923, obstacle_frames=900, obstacle_points=225251, stored_terrain=1614923, stored_obstacle=225251
[terrain_record_finalize_node-3] [INFO] [1782875652.553274111] [terrain_record_finalize_node]: finalize 완료: frames=914, terrain_points=1640939, obstacle_points=227666, stored_terrain=1640939, stored_obstacle=227666, voxel_points=186183, ground=163577, non_ground=25352, method=preclassified_lidar_processor, save_file=/home/tankcc/tankcc/tank_terrain_maps/terrain_map_latest.npz
[terrain_record_finalize_node-3] [INFO] [1782875658.055988446] [terrain_record_finalize_node]: finalize 완료: frames=914, terrain_points=1640939, obstacle_points=227666, stored_terrain=1640939, stored_obstacle=227666, voxel_points=186599, ground=163927, non_ground=25352, method=preclassified_lidar_processor, save_file=/home/tankcc/tankcc/tank_terrain_maps/terrain_map_latest.npz
