[INFO] [launch]: All log files can be found below /home/tankcc/.ros/log/2026-07-01-12-03-05-332768-tankcc-OMEN-by-HP-Gaming-Laptop-16-k0xxx-78932
[INFO] [launch]: Default logging verbosity is set to INFO
[INFO] [static_map_loader_node-1]: process started with pid [78944]
[INFO] [rviz_visualizer_node-2]: process started with pid [78946]
[INFO] [terrain_record_finalize_node-3]: process started with pid [78948]
[INFO] [rviz2-4]: process started with pid [78950]
[rviz2-4] Warning: Ignoring XDG_SESSION_TYPE=wayland on Gnome. Use QT_QPA_PLATFORM=wayland to run on Wayland anyway.
[rviz2-4] [INFO] [1782874985.719738062] [rviz2]: Stereo is NOT SUPPORTED
[rviz2-4] [INFO] [1782874985.719810583] [rviz2]: OpenGl version: 4.6 (GLSL 4.6)
[rviz2-4] [INFO] [1782874985.737204989] [rviz2]: Stereo is NOT SUPPORTED
[rviz_visualizer_node-2] [INFO] [1782874985.766749304] [tank_rviz_visualizer_node]: tank_rviz_visualizer_node started
[terrain_record_finalize_node-3] [INFO] [1782874985.838270830] [terrain_record_finalize_node]: terrain_record_finalize_node started. Recording preclassified terrain=/tank/sensor/lidar/terrain_points_map, obstacle=/tank/sensor/lidar/detected_points_map. Mode=recording enabled, save_file=/home/tankcc/tankcc/tank_terrain_maps/terrain_map_latest.npz. Call /tank/terrain/finalize_map when driving is finished.
[rviz2-4] [INFO] [1782874985.909727726] [rviz2]: Stereo is NOT SUPPORTED
[static_map_loader_node-1] [INFO] [1782874985.980796337] [tank_static_map_loader_node]: Loaded static map (finalmap): 301 objects from /home/tankcc/tankcc/install/rviz_visualization/share/rviz_visualization/map/finalmap.map
[static_map_loader_node-1] [INFO] [1782874985.981451865] [tank_static_map_loader_node]: Static map mode=recon_only, publish_mission=False, publish_diff=False, publish_grids=True
[terrain_record_finalize_node-3] [INFO] [1782874990.639824459] [terrain_record_finalize_node]: Recording LiDAR terrain_frames=25, terrain_points=40000, obstacle_frames=25, obstacle_points=4800, stored_terrain=40000, stored_obstacle=4800
[terrain_record_finalize_node-3] [INFO] [1782874992.034567588] [terrain_record_finalize_node]: Recording LiDAR terrain_frames=50, terrain_points=80000, obstacle_frames=50, obstacle_points=9600, stored_terrain=80000, stored_obstacle=9600
[terrain_record_finalize_node-3] [INFO] [1782874995.773967193] [terrain_record_finalize_node]: Recording LiDAR terrain_frames=75, terrain_points=122937, obstacle_frames=75, obstacle_points=13846, stored_terrain=122937, stored_obstacle=13846
[terrain_record_finalize_node-3] [INFO] [1782875001.114401750] [terrain_record_finalize_node]: Recording LiDAR terrain_frames=100, terrain_points=175433, obstacle_frames=100, obstacle_points=16221, stored_terrain=175433, stored_obstacle=16221
[terrain_record_finalize_node-3] [INFO] [1782875005.188193123] [terrain_record_finalize_node]: 기록된 LiDAR와 최종 지도 결과를 초기화했습니다.
[terrain_record_finalize_node-3] [INFO] [1782875011.029679791] [terrain_record_finalize_node]: Recording LiDAR terrain_frames=25, terrain_points=52958, obstacle_frames=25, obstacle_points=2208, stored_terrain=52958, stored_obstacle=2208
[terrain_record_finalize_node-3] [INFO] [1782875014.870323926] [terrain_record_finalize_node]: Recording LiDAR terrain_frames=50, terrain_points=109874, obstacle_frames=50, obstacle_points=3425, stored_terrain=109874, stored_obstacle=3425
[terrain_record_finalize_node-3] [INFO] [1782875018.711008826] [terrain_record_finalize_node]: Recording LiDAR terrain_frames=75, terrain_points=161785, obstacle_frames=75, obstacle_points=6008, stored_terrain=161785, stored_obstacle=6008
[terrain_record_finalize_node-3] [INFO] [1782875022.927149702] [terrain_record_finalize_node]: Recording LiDAR terrain_frames=100, terrain_points=213726, obstacle_frames=100, obstacle_points=10031, stored_terrain=213726, stored_obstacle=10031
[terrain_record_finalize_node-3] [INFO] [1782875026.775901201] [terrain_record_finalize_node]: Recording LiDAR terrain_frames=125, terrain_points=267786, obstacle_frames=125, obstacle_points=14112, stored_terrain=267786, stored_obstacle=14112
[terrain_record_finalize_node-3] [INFO] [1782875030.139994996] [terrain_record_finalize_node]: Recording LiDAR terrain_frames=150, terrain_points=323876, obstacle_frames=150, obstacle_points=18237, stored_terrain=323876, stored_obstacle=18237
[terrain_record_finalize_node-3] [INFO] [1782875033.200531243] [terrain_record_finalize_node]: Recording LiDAR terrain_frames=175, terrain_points=383819, obstacle_frames=175, obstacle_points=22539, stored_terrain=383819, stored_obstacle=22539
[terrain_record_finalize_node-3] [INFO] [1782875036.833372301] [terrain_record_finalize_node]: Recording LiDAR terrain_frames=200, terrain_points=447965, obstacle_frames=200, obstacle_points=26453, stored_terrain=447965, stored_obstacle=26453
[terrain_record_finalize_node-3] [INFO] [1782875040.511052859] [terrain_record_finalize_node]: Recording LiDAR terrain_frames=225, terrain_points=515885, obstacle_frames=225, obstacle_points=29784, stored_terrain=515885, stored_obstacle=29784
[terrain_record_finalize_node-3] [INFO] [1782875044.414647391] [terrain_record_finalize_node]: Recording LiDAR terrain_frames=250, terrain_points=584134, obstacle_frames=250, obstacle_points=32288, stored_terrain=584134, stored_obstacle=32288
[terrain_record_finalize_node-3] [INFO] [1782875048.347901799] [terrain_record_finalize_node]: Recording LiDAR terrain_frames=275, terrain_points=650146, obstacle_frames=275, obstacle_points=35056, stored_terrain=650146, stored_obstacle=35056
[terrain_record_finalize_node-3] [INFO] [1782875051.572330615] [terrain_record_finalize_node]: Recording LiDAR terrain_frames=300, terrain_points=702542, obstacle_frames=300, obstacle_points=39640, stored_terrain=702542, stored_obstacle=39640
[terrain_record_finalize_node-3] [INFO] [1782875055.036337915] [terrain_record_finalize_node]: Recording LiDAR terrain_frames=325, terrain_points=750699, obstacle_frames=325, obstacle_points=42644, stored_terrain=750699, stored_obstacle=42644
[terrain_record_finalize_node-3] [INFO] [1782875058.948206761] [terrain_record_finalize_node]: Recording LiDAR terrain_frames=350, terrain_points=793336, obstacle_frames=350, obstacle_points=46912, stored_terrain=793336, stored_obstacle=46912
[terrain_record_finalize_node-3] [INFO] [1782875062.514523006] [terrain_record_finalize_node]: Recording LiDAR terrain_frames=375, terrain_points=842057, obstacle_frames=375, obstacle_points=51808, stored_terrain=842057, stored_obstacle=51808
[terrain_record_finalize_node-3] [INFO] [1782875066.381991984] [terrain_record_finalize_node]: Recording LiDAR terrain_frames=400, terrain_points=888928, obstacle_frames=400, obstacle_points=53945, stored_terrain=888928, stored_obstacle=53945
[terrain_record_finalize_node-3] [INFO] [1782875070.410765696] [terrain_record_finalize_node]: Recording LiDAR terrain_frames=425, terrain_points=947158, obstacle_frames=425, obstacle_points=55473, stored_terrain=947158, stored_obstacle=55473
[terrain_record_finalize_node-3] [INFO] [1782875074.077214736] [terrain_record_finalize_node]: Recording LiDAR terrain_frames=450, terrain_points=999806, obstacle_frames=450, obstacle_points=57417, stored_terrain=999806, stored_obstacle=57417
[terrain_record_finalize_node-3] [INFO] [1782875077.432542564] [terrain_record_finalize_node]: Recording LiDAR terrain_frames=475, terrain_points=1053210, obstacle_frames=475, obstacle_points=58780, stored_terrain=1053210, stored_obstacle=58780
[terrain_record_finalize_node-3] [INFO] [1782875080.816919916] [terrain_record_finalize_node]: Recording LiDAR terrain_frames=500, terrain_points=1105846, obstacle_frames=500, obstacle_points=60157, stored_terrain=1105846, stored_obstacle=60157
[terrain_record_finalize_node-3] [INFO] [1782875089.251132374] [terrain_record_finalize_node]: finalize 완료: frames=524, terrain_points=1155153, obstacle_points=62496, stored_terrain=1155153, stored_obstacle=62496, voxel_points=151929, ground=142374, non_ground=10689, method=preclassified_lidar_processor, save_file=/home/tankcc/tankcc/tank_terrain_maps/terrain_map_latest.npz
[terrain_record_finalize_node-3] [INFO] [1782875094.462213533] [terrain_record_finalize_node]: finalize 완료: frames=524, terrain_points=1155153, obstacle_points=62496, stored_terrain=1155153, stored_obstacle=62496, voxel_points=151986, ground=142387, non_ground=10689, method=preclassified_lidar_processor, save_file=/home/tankcc/tankcc/tank_terrain_maps/terrain_map_latest.npz
[terrain_record_finalize_node-3] [INFO] [1782875101.464407979] [terrain_record_finalize_node]: 기록된 LiDAR와 최종 지도 결과를 초기화했습니다.
[terrain_record_finalize_node-3] [INFO] [1782875106.883050634] [terrain_record_finalize_node]: Recording LiDAR terrain_frames=25, terrain_points=52434, obstacle_frames=25, obstacle_points=2237, stored_terrain=52434, stored_obstacle=2237
[terrain_record_finalize_node-3] [INFO] [1782875110.715118689] [terrain_record_finalize_node]: Recording LiDAR terrain_frames=50, terrain_points=105840, obstacle_frames=50, obstacle_points=3362, stored_terrain=105840, stored_obstacle=3362
[terrain_record_finalize_node-3] [INFO] [1782875114.463219180] [terrain_record_finalize_node]: Recording LiDAR terrain_frames=75, terrain_points=158950, obstacle_frames=75, obstacle_points=5069, stored_terrain=158950, stored_obstacle=5069
[terrain_record_finalize_node-3] [INFO] [1782875118.347183437] [terrain_record_finalize_node]: Recording LiDAR terrain_frames=100, terrain_points=207634, obstacle_frames=100, obstacle_points=9100, stored_terrain=207634, stored_obstacle=9100
[terrain_record_finalize_node-3] [INFO] [1782875122.372223028] [terrain_record_finalize_node]: Recording LiDAR terrain_frames=125, terrain_points=249792, obstacle_frames=125, obstacle_points=14308, stored_terrain=249792, stored_obstacle=14308
[terrain_record_finalize_node-3] [INFO] [1782875126.435597535] [terrain_record_finalize_node]: Recording LiDAR terrain_frames=150, terrain_points=291180, obstacle_frames=150, obstacle_points=22784, stored_terrain=291180, stored_obstacle=22784
[terrain_record_finalize_node-3] [INFO] [1782875130.026416262] [terrain_record_finalize_node]: Recording LiDAR terrain_frames=175, terrain_points=333268, obstacle_frames=175, obstacle_points=39990, stored_terrain=333268, stored_obstacle=39990
[terrain_record_finalize_node-3] [INFO] [1782875133.361150889] [terrain_record_finalize_node]: Recording LiDAR terrain_frames=200, terrain_points=385865, obstacle_frames=200, obstacle_points=51228, stored_terrain=385865, stored_obstacle=51228
[terrain_record_finalize_node-3] [INFO] [1782875137.057708896] [terrain_record_finalize_node]: Recording LiDAR terrain_frames=225, terrain_points=441081, obstacle_frames=225, obstacle_points=58857, stored_terrain=441081, stored_obstacle=58857
[terrain_record_finalize_node-3] [INFO] [1782875140.594414449] [terrain_record_finalize_node]: Recording LiDAR terrain_frames=250, terrain_points=494728, obstacle_frames=250, obstacle_points=64899, stored_terrain=494728, stored_obstacle=64899
[terrain_record_finalize_node-3] [INFO] [1782875143.666645078] [terrain_record_finalize_node]: Recording LiDAR terrain_frames=275, terrain_points=540889, obstacle_frames=275, obstacle_points=71868, stored_terrain=540889, stored_obstacle=71868
[terrain_record_finalize_node-3] [INFO] [1782875146.822965431] [terrain_record_finalize_node]: Recording LiDAR terrain_frames=300, terrain_points=592022, obstacle_frames=300, obstacle_points=77127, stored_terrain=592022, stored_obstacle=77127
[terrain_record_finalize_node-3] [INFO] [1782875150.395022707] [terrain_record_finalize_node]: Recording LiDAR terrain_frames=325, terrain_points=639626, obstacle_frames=325, obstacle_points=79949, stored_terrain=639626, stored_obstacle=79949
[terrain_record_finalize_node-3] [INFO] [1782875153.753163207] [terrain_record_finalize_node]: Recording LiDAR terrain_frames=350, terrain_points=683815, obstacle_frames=350, obstacle_points=82059, stored_terrain=683815, stored_obstacle=82059
[terrain_record_finalize_node-3] [INFO] [1782875157.332271649] [terrain_record_finalize_node]: Recording LiDAR terrain_frames=375, terrain_points=723335, obstacle_frames=375, obstacle_points=83267, stored_terrain=723335, stored_obstacle=83267
[terrain_record_finalize_node-3] [INFO] [1782875160.551332561] [terrain_record_finalize_node]: Recording LiDAR terrain_frames=400, terrain_points=753087, obstacle_frames=400, obstacle_points=85570, stored_terrain=753087, stored_obstacle=85570
[terrain_record_finalize_node-3] [INFO] [1782875164.256164185] [terrain_record_finalize_node]: Recording LiDAR terrain_frames=425, terrain_points=783379, obstacle_frames=425, obstacle_points=88514, stored_terrain=783379, stored_obstacle=88514
[terrain_record_finalize_node-3] [INFO] [1782875167.724295162] [terrain_record_finalize_node]: Recording LiDAR terrain_frames=450, terrain_points=825895, obstacle_frames=450, obstacle_points=91631, stored_terrain=825895, stored_obstacle=91631
[terrain_record_finalize_node-3] [INFO] [1782875171.151931048] [terrain_record_finalize_node]: Recording LiDAR terrain_frames=475, terrain_points=876239, obstacle_frames=475, obstacle_points=94438, stored_terrain=876239, stored_obstacle=94438
[terrain_record_finalize_node-3] [INFO] [1782875174.280503687] [terrain_record_finalize_node]: Recording LiDAR terrain_frames=500, terrain_points=918782, obstacle_frames=500, obstacle_points=97487, stored_terrain=918782, stored_obstacle=97487
[terrain_record_finalize_node-3] [INFO] [1782875178.096407490] [terrain_record_finalize_node]: Recording LiDAR terrain_frames=525, terrain_points=951830, obstacle_frames=525, obstacle_points=100894, stored_terrain=951830, stored_obstacle=100894
[terrain_record_finalize_node-3] [INFO] [1782875181.971382286] [terrain_record_finalize_node]: Recording LiDAR terrain_frames=550, terrain_points=973576, obstacle_frames=550, obstacle_points=105302, stored_terrain=973576, stored_obstacle=105302
[terrain_record_finalize_node-3] [INFO] [1782875185.927748542] [terrain_record_finalize_node]: Recording LiDAR terrain_frames=575, terrain_points=1014008, obstacle_frames=575, obstacle_points=110287, stored_terrain=1014008, stored_obstacle=110287
[terrain_record_finalize_node-3] [INFO] [1782875189.599177184] [terrain_record_finalize_node]: Recording LiDAR terrain_frames=600, terrain_points=1056515, obstacle_frames=600, obstacle_points=119387, stored_terrain=1056515, stored_obstacle=119387
[terrain_record_finalize_node-3] [INFO] [1782875193.166221773] [terrain_record_finalize_node]: Recording LiDAR terrain_frames=625, terrain_points=1103002, obstacle_frames=625, obstacle_points=130856, stored_terrain=1103002, stored_obstacle=130856
[terrain_record_finalize_node-3] [INFO] [1782875197.052170792] [terrain_record_finalize_node]: Recording LiDAR terrain_frames=650, terrain_points=1159793, obstacle_frames=650, obstacle_points=139495, stored_terrain=1159793, stored_obstacle=139495
[terrain_record_finalize_node-3] [INFO] [1782875200.726227001] [terrain_record_finalize_node]: Recording LiDAR terrain_frames=675, terrain_points=1215496, obstacle_frames=675, obstacle_points=149566, stored_terrain=1215496, stored_obstacle=149566
[terrain_record_finalize_node-3] [INFO] [1782875204.606836429] [terrain_record_finalize_node]: Recording LiDAR terrain_frames=700, terrain_points=1265862, obstacle_frames=700, obstacle_points=160369, stored_terrain=1265862, stored_obstacle=160369
[terrain_record_finalize_node-3] [INFO] [1782875208.227078629] [terrain_record_finalize_node]: Recording LiDAR terrain_frames=725, terrain_points=1314193, obstacle_frames=725, obstacle_points=170612, stored_terrain=1314193, stored_obstacle=170612
[terrain_record_finalize_node-3] [INFO] [1782875212.092256155] [terrain_record_finalize_node]: Recording LiDAR terrain_frames=750, terrain_points=1359463, obstacle_frames=750, obstacle_points=179049, stored_terrain=1359463, stored_obstacle=179049
[terrain_record_finalize_node-3] [INFO] [1782875216.199179853] [terrain_record_finalize_node]: Recording LiDAR terrain_frames=775, terrain_points=1404624, obstacle_frames=775, obstacle_points=183865, stored_terrain=1404624, stored_obstacle=183865
[terrain_record_finalize_node-3] [INFO] [1782875221.721209048] [terrain_record_finalize_node]: finalize 완료: frames=782, terrain_points=1417777, obstacle_points=185026, stored_terrain=1417777, stored_obstacle=185026, voxel_points=185385, ground=163513, non_ground=24492, method=preclassified_lidar_processor, save_file=/home/tankcc/tankcc/tank_terrain_maps/terrain_map_latest.npz
[terrain_record_finalize_node-3] [INFO] [1782875227.427738323] [terrain_record_finalize_node]: finalize 완료: frames=782, terrain_points=1417777, obstacle_points=185026, stored_terrain=1417777, stored_obstacle=185026, voxel_points=185202, ground=163363, non_ground=24492, method=preclassified_lidar_processor, save_file=/home/tankcc/tankcc/tank_terrain_maps/terrain_map_latest.npz
