[INFO] [launch]: All log files can be found below /home/tankcc/.ros/log/2026-07-01-11-15-09-368879-tankcc-OMEN-by-HP-Gaming-Laptop-16-k0xxx-20220
[INFO] [launch]: Default logging verbosity is set to INFO
[INFO] [static_map_loader_node-1]: process started with pid [20232]
[INFO] [rviz_visualizer_node-2]: process started with pid [20234]
[INFO] [terrain_record_finalize_node-3]: process started with pid [20236]
[INFO] [rviz2-4]: process started with pid [20238]
[rviz2-4] Warning: Ignoring XDG_SESSION_TYPE=wayland on Gnome. Use QT_QPA_PLATFORM=wayland to run on Wayland anyway.
[rviz2-4] [INFO] [1782872109.727284476] [rviz2]: Stereo is NOT SUPPORTED
[rviz2-4] [INFO] [1782872109.727358584] [rviz2]: OpenGl version: 4.6 (GLSL 4.6)
[rviz2-4] [INFO] [1782872109.742064159] [rviz2]: Stereo is NOT SUPPORTED
[rviz_visualizer_node-2] [INFO] [1782872109.825454475] [tank_rviz_visualizer_node]: tank_rviz_visualizer_node started
[terrain_record_finalize_node-3] [INFO] [1782872109.840559898] [terrain_record_finalize_node]: terrain_record_finalize_node started. Recording preclassified terrain=/tank/sensor/lidar/terrain_points_map, obstacle=/tank/sensor/lidar/detected_points_map. Mode=recording enabled, save_file=/home/tankcc/tankcc/tank_terrain_maps/terrain_map_latest.npz. Call /tank/terrain/finalize_map when driving is finished.
[rviz2-4] [INFO] [1782872109.875122002] [rviz2]: Stereo is NOT SUPPORTED
[static_map_loader_node-1] [INFO] [1782872109.963998369] [tank_static_map_loader_node]: Loaded static map (finalmap): 301 objects from /home/tankcc/tankcc/install/rviz_visualization/share/rviz_visualization/map/finalmap.map
[static_map_loader_node-1] [INFO] [1782872109.964330623] [tank_static_map_loader_node]: Static map mode=recon_only, publish_mission=False, publish_diff=False, publish_grids=True
[terrain_record_finalize_node-3] [INFO] [1782872129.982120167] [terrain_record_finalize_node]: 기록된 LiDAR와 최종 지도 결과를 초기화했습니다.
[terrain_record_finalize_node-3] [INFO] [1782872135.385381062] [terrain_record_finalize_node]: Recording LiDAR terrain_frames=25, terrain_points=52907, obstacle_frames=25, obstacle_points=2225, stored_terrain=52907, stored_obstacle=2225
[terrain_record_finalize_node-3] [INFO] [1782872139.567281545] [terrain_record_finalize_node]: Recording LiDAR terrain_frames=50, terrain_points=109761, obstacle_frames=50, obstacle_points=3421, stored_terrain=109761, stored_obstacle=3421
[terrain_record_finalize_node-3] [INFO] [1782872143.046432275] [terrain_record_finalize_node]: Recording LiDAR terrain_frames=75, terrain_points=161681, obstacle_frames=75, obstacle_points=5733, stored_terrain=161681, stored_obstacle=5733
[terrain_record_finalize_node-3] [INFO] [1782872147.006194577] [terrain_record_finalize_node]: Recording LiDAR terrain_frames=100, terrain_points=213436, obstacle_frames=100, obstacle_points=9759, stored_terrain=213436, stored_obstacle=9759
[terrain_record_finalize_node-3] [INFO] [1782872151.021580476] [terrain_record_finalize_node]: Recording LiDAR terrain_frames=125, terrain_points=267639, obstacle_frames=125, obstacle_points=13856, stored_terrain=267639, stored_obstacle=13856
[terrain_record_finalize_node-3] [INFO] [1782872155.065265814] [terrain_record_finalize_node]: Recording LiDAR terrain_frames=150, terrain_points=323555, obstacle_frames=150, obstacle_points=18266, stored_terrain=323555, stored_obstacle=18266
[terrain_record_finalize_node-3] [INFO] [1782872158.389236291] [terrain_record_finalize_node]: Recording LiDAR terrain_frames=175, terrain_points=383089, obstacle_frames=175, obstacle_points=22741, stored_terrain=383089, stored_obstacle=22741
[terrain_record_finalize_node-3] [INFO] [1782872161.999164712] [terrain_record_finalize_node]: Recording LiDAR terrain_frames=200, terrain_points=447177, obstacle_frames=200, obstacle_points=26689, stored_terrain=447177, stored_obstacle=26689
[terrain_record_finalize_node-3] [INFO] [1782872165.554771121] [terrain_record_finalize_node]: Recording LiDAR terrain_frames=225, terrain_points=514743, obstacle_frames=225, obstacle_points=30067, stored_terrain=514743, stored_obstacle=30067
[terrain_record_finalize_node-3] [INFO] [1782872169.655579992] [terrain_record_finalize_node]: Recording LiDAR terrain_frames=250, terrain_points=580392, obstacle_frames=250, obstacle_points=32926, stored_terrain=580392, stored_obstacle=32926
[terrain_record_finalize_node-3] [INFO] [1782872172.861948462] [terrain_record_finalize_node]: Recording LiDAR terrain_frames=275, terrain_points=630335, obstacle_frames=275, obstacle_points=38152, stored_terrain=630335, stored_obstacle=38152
[terrain_record_finalize_node-3] [INFO] [1782872176.450305542] [terrain_record_finalize_node]: Recording LiDAR terrain_frames=300, terrain_points=677771, obstacle_frames=300, obstacle_points=40686, stored_terrain=677771, stored_obstacle=40686
[terrain_record_finalize_node-3] [INFO] [1782872180.451182839] [terrain_record_finalize_node]: Recording LiDAR terrain_frames=325, terrain_points=719977, obstacle_frames=325, obstacle_points=45593, stored_terrain=719977, stored_obstacle=45593
[terrain_record_finalize_node-3] [INFO] [1782872184.061303239] [terrain_record_finalize_node]: Recording LiDAR terrain_frames=350, terrain_points=769847, obstacle_frames=350, obstacle_points=50048, stored_terrain=769847, stored_obstacle=50048
[terrain_record_finalize_node-3] [INFO] [1782872188.378663412] [terrain_record_finalize_node]: Recording LiDAR terrain_frames=375, terrain_points=820171, obstacle_frames=375, obstacle_points=51765, stored_terrain=820171, stored_obstacle=51765
[terrain_record_finalize_node-3] [INFO] [1782872192.014338109] [terrain_record_finalize_node]: Recording LiDAR terrain_frames=400, terrain_points=876942, obstacle_frames=400, obstacle_points=53405, stored_terrain=876942, stored_obstacle=53405
[terrain_record_finalize_node-3] [INFO] [1782872195.521475012] [terrain_record_finalize_node]: Recording LiDAR terrain_frames=425, terrain_points=928850, obstacle_frames=425, obstacle_points=55332, stored_terrain=928850, stored_obstacle=55332
[terrain_record_finalize_node-3] [INFO] [1782872199.132752808] [terrain_record_finalize_node]: Recording LiDAR terrain_frames=450, terrain_points=981748, obstacle_frames=450, obstacle_points=56734, stored_terrain=981748, stored_obstacle=56734
[terrain_record_finalize_node-3] [INFO] [1782872202.867430051] [terrain_record_finalize_node]: Recording LiDAR terrain_frames=475, terrain_points=1034612, obstacle_frames=475, obstacle_points=58282, stored_terrain=1034612, stored_obstacle=58282
[terrain_record_finalize_node-3] [INFO] [1782872210.437746531] [terrain_record_finalize_node]: finalize 완료: frames=492, terrain_points=1068973, obstacle_points=59953, stored_terrain=1068973, stored_obstacle=59953, voxel_points=154609, ground=145126, non_ground=10579, method=preclassified_lidar_processor, save_file=/home/tankcc/tankcc/tank_terrain_maps/terrain_map_latest.npz
[terrain_record_finalize_node-3] [INFO] [1782872215.319335933] [terrain_record_finalize_node]: 기록된 LiDAR와 최종 지도 결과를 초기화했습니다.
[terrain_record_finalize_node-3] [INFO] [1782872220.727459577] [terrain_record_finalize_node]: Recording LiDAR terrain_frames=25, terrain_points=52455, obstacle_frames=25, obstacle_points=2292, stored_terrain=52455, stored_obstacle=2292
[terrain_record_finalize_node-3] [INFO] [1782872224.500188283] [terrain_record_finalize_node]: Recording LiDAR terrain_frames=50, terrain_points=105623, obstacle_frames=50, obstacle_points=3551, stored_terrain=105623, stored_obstacle=3551
[terrain_record_finalize_node-3] [INFO] [1782872228.292035684] [terrain_record_finalize_node]: Recording LiDAR terrain_frames=75, terrain_points=158888, obstacle_frames=75, obstacle_points=5043, stored_terrain=158888, stored_obstacle=5043
[terrain_record_finalize_node-3] [INFO] [1782872232.172910849] [terrain_record_finalize_node]: Recording LiDAR terrain_frames=100, terrain_points=207619, obstacle_frames=100, obstacle_points=8964, stored_terrain=207619, stored_obstacle=8964
[terrain_record_finalize_node-3] [INFO] [1782872236.122265758] [terrain_record_finalize_node]: Recording LiDAR terrain_frames=125, terrain_points=249185, obstacle_frames=125, obstacle_points=14014, stored_terrain=249185, stored_obstacle=14014
[terrain_record_finalize_node-3] [INFO] [1782872239.988706556] [terrain_record_finalize_node]: Recording LiDAR terrain_frames=150, terrain_points=290057, obstacle_frames=150, obstacle_points=22100, stored_terrain=290057, stored_obstacle=22100
[terrain_record_finalize_node-3] [INFO] [1782872243.521274283] [terrain_record_finalize_node]: Recording LiDAR terrain_frames=175, terrain_points=331597, obstacle_frames=175, obstacle_points=37880, stored_terrain=331597, stored_obstacle=37880
[terrain_record_finalize_node-3] [INFO] [1782872247.568526166] [terrain_record_finalize_node]: Recording LiDAR terrain_frames=200, terrain_points=381530, obstacle_frames=200, obstacle_points=51664, stored_terrain=381530, stored_obstacle=51664
[terrain_record_finalize_node-3] [INFO] [1782872251.895136860] [terrain_record_finalize_node]: Recording LiDAR terrain_frames=225, terrain_points=434162, obstacle_frames=225, obstacle_points=58202, stored_terrain=434162, stored_obstacle=58202
[terrain_record_finalize_node-3] [INFO] [1782872254.829873092] [terrain_record_finalize_node]: Recording LiDAR terrain_frames=250, terrain_points=479966, obstacle_frames=250, obstacle_points=65201, stored_terrain=479966, stored_obstacle=65201
[terrain_record_finalize_node-3] [INFO] [1782872258.622839986] [terrain_record_finalize_node]: Recording LiDAR terrain_frames=275, terrain_points=531078, obstacle_frames=275, obstacle_points=69486, stored_terrain=531078, stored_obstacle=69486
[terrain_record_finalize_node-3] [INFO] [1782872262.256321245] [terrain_record_finalize_node]: Recording LiDAR terrain_frames=300, terrain_points=578698, obstacle_frames=300, obstacle_points=72324, stored_terrain=578698, stored_obstacle=72324
[terrain_record_finalize_node-3] [INFO] [1782872264.476255911] [terrain_record_finalize_node]: Recording LiDAR terrain_frames=325, terrain_points=622904, obstacle_frames=325, obstacle_points=75228, stored_terrain=622904, stored_obstacle=75228
[terrain_record_finalize_node-3] [INFO] [1782872267.611387593] [terrain_record_finalize_node]: Recording LiDAR terrain_frames=350, terrain_points=667271, obstacle_frames=350, obstacle_points=77920, stored_terrain=667271, stored_obstacle=77920
[terrain_record_finalize_node-3] [INFO] [1782872271.084552249] [terrain_record_finalize_node]: Recording LiDAR terrain_frames=375, terrain_points=711852, obstacle_frames=375, obstacle_points=79857, stored_terrain=711852, stored_obstacle=79857
[terrain_record_finalize_node-3] [INFO] [1782872274.922002689] [terrain_record_finalize_node]: Recording LiDAR terrain_frames=400, terrain_points=751205, obstacle_frames=400, obstacle_points=81070, stored_terrain=751205, stored_obstacle=81070
[terrain_record_finalize_node-3] [INFO] [1782872278.485581976] [terrain_record_finalize_node]: Recording LiDAR terrain_frames=425, terrain_points=777543, obstacle_frames=425, obstacle_points=84911, stored_terrain=777543, stored_obstacle=84911
[terrain_record_finalize_node-3] [INFO] [1782872281.957146840] [terrain_record_finalize_node]: Recording LiDAR terrain_frames=450, terrain_points=805688, obstacle_frames=450, obstacle_points=89388, stored_terrain=805688, stored_obstacle=89388
[terrain_record_finalize_node-3] [INFO] [1782872285.679533469] [terrain_record_finalize_node]: Recording LiDAR terrain_frames=475, terrain_points=851583, obstacle_frames=475, obstacle_points=92273, stored_terrain=851583, stored_obstacle=92273
[terrain_record_finalize_node-3] [INFO] [1782872288.854283255] [terrain_record_finalize_node]: Recording LiDAR terrain_frames=500, terrain_points=901646, obstacle_frames=500, obstacle_points=95114, stored_terrain=901646, stored_obstacle=95114
[terrain_record_finalize_node-3] [INFO] [1782872292.358332962] [terrain_record_finalize_node]: Recording LiDAR terrain_frames=525, terrain_points=941891, obstacle_frames=525, obstacle_points=98517, stored_terrain=941891, stored_obstacle=98517
[terrain_record_finalize_node-3] [INFO] [1782872295.917774546] [terrain_record_finalize_node]: Recording LiDAR terrain_frames=550, terrain_points=974291, obstacle_frames=550, obstacle_points=102063, stored_terrain=974291, stored_obstacle=102063
[terrain_record_finalize_node-3] [INFO] [1782872299.868664126] [terrain_record_finalize_node]: Recording LiDAR terrain_frames=575, terrain_points=995002, obstacle_frames=575, obstacle_points=106458, stored_terrain=995002, stored_obstacle=106458
[terrain_record_finalize_node-3] [INFO] [1782872303.794431107] [terrain_record_finalize_node]: Recording LiDAR terrain_frames=600, terrain_points=1033853, obstacle_frames=600, obstacle_points=111536, stored_terrain=1033853, stored_obstacle=111536
[terrain_record_finalize_node-3] [INFO] [1782872307.370629514] [terrain_record_finalize_node]: Recording LiDAR terrain_frames=625, terrain_points=1073898, obstacle_frames=625, obstacle_points=115616, stored_terrain=1073898, stored_obstacle=115616
[terrain_record_finalize_node-3] [INFO] [1782872310.882046282] [terrain_record_finalize_node]: Recording LiDAR terrain_frames=650, terrain_points=1116214, obstacle_frames=650, obstacle_points=122947, stored_terrain=1116214, stored_obstacle=122947
[terrain_record_finalize_node-3] [INFO] [1782872314.233161429] [terrain_record_finalize_node]: Recording LiDAR terrain_frames=675, terrain_points=1159529, obstacle_frames=675, obstacle_points=131971, stored_terrain=1159529, stored_obstacle=131971
[terrain_record_finalize_node-3] [INFO] [1782872317.784879737] [terrain_record_finalize_node]: Recording LiDAR terrain_frames=700, terrain_points=1202353, obstacle_frames=700, obstacle_points=141505, stored_terrain=1202353, stored_obstacle=141505
[terrain_record_finalize_node-3] [INFO] [1782872321.479365407] [terrain_record_finalize_node]: Recording LiDAR terrain_frames=725, terrain_points=1244716, obstacle_frames=725, obstacle_points=152971, stored_terrain=1244716, stored_obstacle=152971
[terrain_record_finalize_node-3] [INFO] [1782872324.812671096] [terrain_record_finalize_node]: Recording LiDAR terrain_frames=750, terrain_points=1292121, obstacle_frames=750, obstacle_points=164333, stored_terrain=1292121, stored_obstacle=164333
[terrain_record_finalize_node-3] [INFO] [1782872328.018022242] [terrain_record_finalize_node]: Recording LiDAR terrain_frames=775, terrain_points=1342335, obstacle_frames=775, obstacle_points=174166, stored_terrain=1342335, stored_obstacle=174166
[terrain_record_finalize_node-3] [INFO] [1782872332.122814680] [terrain_record_finalize_node]: Recording LiDAR terrain_frames=800, terrain_points=1398277, obstacle_frames=800, obstacle_points=182511, stored_terrain=1398277, stored_obstacle=182511
[terrain_record_finalize_node-3] [INFO] [1782872335.239992921] [terrain_record_finalize_node]: Recording LiDAR terrain_frames=825, terrain_points=1455314, obstacle_frames=825, obstacle_points=192175, stored_terrain=1455314, stored_obstacle=192175
[terrain_record_finalize_node-3] [INFO] [1782872339.729057333] [terrain_record_finalize_node]: Recording LiDAR terrain_frames=850, terrain_points=1509507, obstacle_frames=850, obstacle_points=202242, stored_terrain=1509507, stored_obstacle=202242
[terrain_record_finalize_node-3] [INFO] [1782872343.480400165] [terrain_record_finalize_node]: Recording LiDAR terrain_frames=875, terrain_points=1561662, obstacle_frames=875, obstacle_points=213094, stored_terrain=1561662, stored_obstacle=213094
[terrain_record_finalize_node-3] [INFO] [1782872347.791340723] [terrain_record_finalize_node]: Recording LiDAR terrain_frames=900, terrain_points=1610673, obstacle_frames=900, obstacle_points=223680, stored_terrain=1610673, stored_obstacle=223680
[terrain_record_finalize_node-3] [INFO] [1782872351.355508303] [terrain_record_finalize_node]: Recording LiDAR terrain_frames=925, terrain_points=1655648, obstacle_frames=925, obstacle_points=232392, stored_terrain=1655648, stored_obstacle=232392
[terrain_record_finalize_node-3] [INFO] [1782872355.100943975] [terrain_record_finalize_node]: Recording LiDAR terrain_frames=950, terrain_points=1699096, obstacle_frames=950, obstacle_points=239460, stored_terrain=1699096, stored_obstacle=239460
[terrain_record_finalize_node-3] [INFO] [1782872358.689655725] [terrain_record_finalize_node]: Recording LiDAR terrain_frames=975, terrain_points=1744547, obstacle_frames=975, obstacle_points=244072, stored_terrain=1744547, stored_obstacle=244072
[terrain_record_finalize_node-3] [INFO] [1782872365.061996913] [terrain_record_finalize_node]: finalize 완료: frames=978, terrain_points=1750148, obstacle_points=244503, stored_terrain=1750148, stored_obstacle=244503, voxel_points=183232, ground=160546, non_ground=25462, method=preclassified_lidar_processor, save_file=/home/tankcc/tankcc/tank_terrain_maps/terrain_map_latest.npz
