[INFO] [launch]: All log files can be found below /home/tankcc/.ros/log/2026-07-01-11-24-28-638035-tankcc-OMEN-by-HP-Gaming-Laptop-16-k0xxx-38636
[INFO] [launch]: Default logging verbosity is set to INFO
[INFO] [static_map_loader_node-1]: process started with pid [38646]
[INFO] [rviz_visualizer_node-2]: process started with pid [38648]
[INFO] [terrain_record_finalize_node-3]: process started with pid [38650]
[INFO] [rviz2-4]: process started with pid [38652]
[rviz2-4] Warning: Ignoring XDG_SESSION_TYPE=wayland on Gnome. Use QT_QPA_PLATFORM=wayland to run on Wayland anyway.
[rviz2-4] [INFO] [1782872669.018750527] [rviz2]: Stereo is NOT SUPPORTED
[rviz2-4] [INFO] [1782872669.018850155] [rviz2]: OpenGl version: 4.6 (GLSL 4.6)
[rviz2-4] [INFO] [1782872669.041387277] [rviz2]: Stereo is NOT SUPPORTED
[terrain_record_finalize_node-3] [INFO] [1782872669.113400846] [terrain_record_finalize_node]: terrain_record_finalize_node started. Recording preclassified terrain=/tank/sensor/lidar/terrain_points_map, obstacle=/tank/sensor/lidar/detected_points_map. Mode=recording enabled, save_file=/home/tankcc/tankcc/tank_terrain_maps/terrain_map_latest.npz. Call /tank/terrain/finalize_map when driving is finished.
[rviz_visualizer_node-2] [INFO] [1782872669.130867711] [tank_rviz_visualizer_node]: tank_rviz_visualizer_node started
[rviz2-4] [INFO] [1782872669.194134591] [rviz2]: Stereo is NOT SUPPORTED
[static_map_loader_node-1] [INFO] [1782872669.275719418] [tank_static_map_loader_node]: Loaded static map (finalmap): 301 objects from /home/tankcc/tankcc/install/rviz_visualization/share/rviz_visualization/map/finalmap.map
[static_map_loader_node-1] [INFO] [1782872669.275992322] [tank_static_map_loader_node]: Static map mode=recon_only, publish_mission=False, publish_diff=False, publish_grids=True
[terrain_record_finalize_node-3] [INFO] [1782872673.747561933] [terrain_record_finalize_node]: Recording LiDAR terrain_frames=25, terrain_points=32149, obstacle_frames=25, obstacle_points=13445, stored_terrain=32149, stored_obstacle=13445
[terrain_record_finalize_node-3] [INFO] [1782872675.427667572] [terrain_record_finalize_node]: Recording LiDAR terrain_frames=50, terrain_points=67066, obstacle_frames=50, obstacle_points=23096, stored_terrain=67066, stored_obstacle=23096
[terrain_record_finalize_node-3] [INFO] [1782872678.843092984] [terrain_record_finalize_node]: Recording LiDAR terrain_frames=75, terrain_points=116754, obstacle_frames=75, obstacle_points=26462, stored_terrain=116754, stored_obstacle=26462
[terrain_record_finalize_node-3] [INFO] [1782872684.475933508] [terrain_record_finalize_node]: 기록된 LiDAR와 최종 지도 결과를 초기화했습니다.
[terrain_record_finalize_node-3] [INFO] [1782872690.253627466] [terrain_record_finalize_node]: Recording LiDAR terrain_frames=25, terrain_points=49753, obstacle_frames=25, obstacle_points=2372, stored_terrain=49753, stored_obstacle=2372
[terrain_record_finalize_node-3] [INFO] [1782872694.275456985] [terrain_record_finalize_node]: Recording LiDAR terrain_frames=50, terrain_points=99192, obstacle_frames=50, obstacle_points=5874, stored_terrain=99192, stored_obstacle=5874
[terrain_record_finalize_node-3] [INFO] [1782872698.384827055] [terrain_record_finalize_node]: Recording LiDAR terrain_frames=75, terrain_points=150064, obstacle_frames=75, obstacle_points=9794, stored_terrain=150064, stored_obstacle=9794
[terrain_record_finalize_node-3] [INFO] [1782872703.021593367] [terrain_record_finalize_node]: Recording LiDAR terrain_frames=100, terrain_points=207183, obstacle_frames=100, obstacle_points=14053, stored_terrain=207183, stored_obstacle=14053
[terrain_record_finalize_node-3] [INFO] [1782872707.273676563] [terrain_record_finalize_node]: Recording LiDAR terrain_frames=125, terrain_points=272206, obstacle_frames=125, obstacle_points=18131, stored_terrain=272206, stored_obstacle=18131
[terrain_record_finalize_node-3] [INFO] [1782872710.485498071] [terrain_record_finalize_node]: Recording LiDAR terrain_frames=150, terrain_points=340701, obstacle_frames=150, obstacle_points=21044, stored_terrain=340701, stored_obstacle=21044
[terrain_record_finalize_node-3] [INFO] [1782872713.863665700] [terrain_record_finalize_node]: Recording LiDAR terrain_frames=175, terrain_points=407332, obstacle_frames=175, obstacle_points=23643, stored_terrain=407332, stored_obstacle=23643
[terrain_record_finalize_node-3] [INFO] [1782872718.499689833] [terrain_record_finalize_node]: Recording LiDAR terrain_frames=200, terrain_points=467989, obstacle_frames=200, obstacle_points=26838, stored_terrain=467989, stored_obstacle=26838
[terrain_record_finalize_node-3] [INFO] [1782872722.843930474] [terrain_record_finalize_node]: Recording LiDAR terrain_frames=225, terrain_points=517206, obstacle_frames=225, obstacle_points=31460, stored_terrain=517206, stored_obstacle=31460
[terrain_record_finalize_node-3] [INFO] [1782872727.063216872] [terrain_record_finalize_node]: Recording LiDAR terrain_frames=250, terrain_points=561417, obstacle_frames=250, obstacle_points=34969, stored_terrain=561417, stored_obstacle=34969
[terrain_record_finalize_node-3] [INFO] [1782872731.181057033] [terrain_record_finalize_node]: Recording LiDAR terrain_frames=275, terrain_points=608678, obstacle_frames=275, obstacle_points=40103, stored_terrain=608678, stored_obstacle=40103
[terrain_record_finalize_node-3] [INFO] [1782872735.389796514] [terrain_record_finalize_node]: Recording LiDAR terrain_frames=300, terrain_points=656119, obstacle_frames=300, obstacle_points=42119, stored_terrain=656119, stored_obstacle=42119
[terrain_record_finalize_node-3] [INFO] [1782872739.063871999] [terrain_record_finalize_node]: Recording LiDAR terrain_frames=325, terrain_points=713555, obstacle_frames=325, obstacle_points=43768, stored_terrain=713555, stored_obstacle=43768
[terrain_record_finalize_node-3] [INFO] [1782872742.604153138] [terrain_record_finalize_node]: Recording LiDAR terrain_frames=350, terrain_points=766673, obstacle_frames=350, obstacle_points=45507, stored_terrain=766673, stored_obstacle=45507
[terrain_record_finalize_node-3] [INFO] [1782872746.179848025] [terrain_record_finalize_node]: Recording LiDAR terrain_frames=375, terrain_points=820630, obstacle_frames=375, obstacle_points=46719, stored_terrain=820630, stored_obstacle=46719
[terrain_record_finalize_node-3] [INFO] [1782872749.970094044] [terrain_record_finalize_node]: Recording LiDAR terrain_frames=400, terrain_points=873483, obstacle_frames=400, obstacle_points=48079, stored_terrain=873483, stored_obstacle=48079
[terrain_record_finalize_node-3] [INFO] [1782872753.606948350] [terrain_record_finalize_node]: Recording LiDAR terrain_frames=425, terrain_points=924971, obstacle_frames=425, obstacle_points=50430, stored_terrain=924971, stored_obstacle=50430
[terrain_record_finalize_node-3] [INFO] [1782872759.274716447] [terrain_record_finalize_node]: finalize 완료: frames=435, terrain_points=943614, obstacle_points=52240, stored_terrain=943614, stored_obstacle=52240, voxel_points=149010, ground=139813, non_ground=10293, method=preclassified_lidar_processor, save_file=/home/tankcc/tankcc/tank_terrain_maps/terrain_map_latest.npz
[terrain_record_finalize_node-3] [INFO] [1782872764.879952026] [terrain_record_finalize_node]: 기록된 LiDAR와 최종 지도 결과를 초기화했습니다.
[terrain_record_finalize_node-3] [INFO] [1782872770.146924535] [terrain_record_finalize_node]: Recording LiDAR terrain_frames=25, terrain_points=52485, obstacle_frames=25, obstacle_points=2283, stored_terrain=52485, stored_obstacle=2283
[terrain_record_finalize_node-3] [INFO] [1782872773.798914105] [terrain_record_finalize_node]: Recording LiDAR terrain_frames=50, terrain_points=105779, obstacle_frames=50, obstacle_points=3501, stored_terrain=105779, stored_obstacle=3501
[terrain_record_finalize_node-3] [INFO] [1782872777.826775320] [terrain_record_finalize_node]: Recording LiDAR terrain_frames=75, terrain_points=159100, obstacle_frames=75, obstacle_points=5001, stored_terrain=159100, stored_obstacle=5001
[terrain_record_finalize_node-3] [INFO] [1782872781.628952329] [terrain_record_finalize_node]: Recording LiDAR terrain_frames=100, terrain_points=207181, obstacle_frames=100, obstacle_points=9081, stored_terrain=207181, stored_obstacle=9081
[terrain_record_finalize_node-3] [INFO] [1782872785.653276553] [terrain_record_finalize_node]: Recording LiDAR terrain_frames=125, terrain_points=248196, obstacle_frames=125, obstacle_points=14340, stored_terrain=248196, stored_obstacle=14340
[terrain_record_finalize_node-3] [INFO] [1782872788.741930111] [terrain_record_finalize_node]: Recording LiDAR terrain_frames=150, terrain_points=289353, obstacle_frames=150, obstacle_points=22420, stored_terrain=289353, stored_obstacle=22420
[terrain_record_finalize_node-3] [INFO] [1782872792.383502609] [terrain_record_finalize_node]: Recording LiDAR terrain_frames=175, terrain_points=332738, obstacle_frames=175, obstacle_points=30915, stored_terrain=332738, stored_obstacle=30915
[terrain_record_finalize_node-3] [INFO] [1782872795.858113194] [terrain_record_finalize_node]: Recording LiDAR terrain_frames=200, terrain_points=374799, obstacle_frames=200, obstacle_points=43571, stored_terrain=374799, stored_obstacle=43571
[terrain_record_finalize_node-3] [INFO] [1782872799.602245106] [terrain_record_finalize_node]: Recording LiDAR terrain_frames=225, terrain_points=419277, obstacle_frames=225, obstacle_points=61270, stored_terrain=419277, stored_obstacle=61270
[terrain_record_finalize_node-3] [INFO] [1782872802.840707871] [terrain_record_finalize_node]: Recording LiDAR terrain_frames=250, terrain_points=473164, obstacle_frames=250, obstacle_points=69551, stored_terrain=473164, stored_obstacle=69551
[terrain_record_finalize_node-3] [INFO] [1782872806.792701762] [terrain_record_finalize_node]: Recording LiDAR terrain_frames=275, terrain_points=526397, obstacle_frames=275, obstacle_points=75201, stored_terrain=526397, stored_obstacle=75201
[terrain_record_finalize_node-3] [INFO] [1782872810.261786267] [terrain_record_finalize_node]: Recording LiDAR terrain_frames=300, terrain_points=576550, obstacle_frames=300, obstacle_points=81797, stored_terrain=576550, stored_obstacle=81797
[terrain_record_finalize_node-3] [INFO] [1782872813.826695791] [terrain_record_finalize_node]: Recording LiDAR terrain_frames=325, terrain_points=624001, obstacle_frames=325, obstacle_points=88357, stored_terrain=624001, stored_obstacle=88357
[terrain_record_finalize_node-3] [INFO] [1782872817.119720954] [terrain_record_finalize_node]: Recording LiDAR terrain_frames=350, terrain_points=673855, obstacle_frames=350, obstacle_points=91656, stored_terrain=673855, stored_obstacle=91656
[terrain_record_finalize_node-3] [INFO] [1782872820.259369638] [terrain_record_finalize_node]: Recording LiDAR terrain_frames=375, terrain_points=718913, obstacle_frames=375, obstacle_points=94196, stored_terrain=718913, stored_obstacle=94196
[terrain_record_finalize_node-3] [INFO] [1782872823.924622784] [terrain_record_finalize_node]: Recording LiDAR terrain_frames=400, terrain_points=760087, obstacle_frames=400, obstacle_points=95637, stored_terrain=760087, stored_obstacle=95637
[terrain_record_finalize_node-3] [INFO] [1782872826.910827813] [terrain_record_finalize_node]: Recording LiDAR terrain_frames=425, terrain_points=793123, obstacle_frames=425, obstacle_points=97396, stored_terrain=793123, stored_obstacle=97396
[terrain_record_finalize_node-3] [INFO] [1782872830.264833049] [terrain_record_finalize_node]: Recording LiDAR terrain_frames=450, terrain_points=820971, obstacle_frames=450, obstacle_points=100919, stored_terrain=820971, stored_obstacle=100919
[terrain_record_finalize_node-3] [INFO] [1782872833.963974796] [terrain_record_finalize_node]: Recording LiDAR terrain_frames=475, terrain_points=857286, obstacle_frames=475, obstacle_points=104272, stored_terrain=857286, stored_obstacle=104272
[terrain_record_finalize_node-3] [INFO] [1782872837.438228888] [terrain_record_finalize_node]: Recording LiDAR terrain_frames=500, terrain_points=908222, obstacle_frames=500, obstacle_points=106703, stored_terrain=908222, stored_obstacle=106703
[terrain_record_finalize_node-3] [INFO] [1782872840.921848323] [terrain_record_finalize_node]: Recording LiDAR terrain_frames=525, terrain_points=955464, obstacle_frames=525, obstacle_points=109716, stored_terrain=955464, stored_obstacle=109716
[terrain_record_finalize_node-3] [INFO] [1782872844.446127740] [terrain_record_finalize_node]: Recording LiDAR terrain_frames=550, terrain_points=990478, obstacle_frames=550, obstacle_points=113126, stored_terrain=990478, stored_obstacle=113126
[terrain_record_finalize_node-3] [INFO] [1782872848.178627553] [terrain_record_finalize_node]: Recording LiDAR terrain_frames=575, terrain_points=1014440, obstacle_frames=575, obstacle_points=117006, stored_terrain=1014440, stored_obstacle=117006
[terrain_record_finalize_node-3] [INFO] [1782872852.224193876] [terrain_record_finalize_node]: Recording LiDAR terrain_frames=600, terrain_points=1046493, obstacle_frames=600, obstacle_points=122048, stored_terrain=1046493, stored_obstacle=122048
[terrain_record_finalize_node-3] [INFO] [1782872856.027641887] [terrain_record_finalize_node]: Recording LiDAR terrain_frames=625, terrain_points=1085517, obstacle_frames=625, obstacle_points=126527, stored_terrain=1085517, stored_obstacle=126527
[terrain_record_finalize_node-3] [INFO] [1782872859.690651288] [terrain_record_finalize_node]: Recording LiDAR terrain_frames=650, terrain_points=1124407, obstacle_frames=650, obstacle_points=130697, stored_terrain=1124407, stored_obstacle=130697
[terrain_record_finalize_node-3] [INFO] [1782872863.317991053] [terrain_record_finalize_node]: Recording LiDAR terrain_frames=675, terrain_points=1166897, obstacle_frames=675, obstacle_points=138393, stored_terrain=1166897, stored_obstacle=138393
[terrain_record_finalize_node-3] [INFO] [1782872866.930728750] [terrain_record_finalize_node]: Recording LiDAR terrain_frames=700, terrain_points=1210147, obstacle_frames=700, obstacle_points=146923, stored_terrain=1210147, stored_obstacle=146923
[terrain_record_finalize_node-3] [INFO] [1782872870.267175789] [terrain_record_finalize_node]: Recording LiDAR terrain_frames=725, terrain_points=1253358, obstacle_frames=725, obstacle_points=155035, stored_terrain=1253358, stored_obstacle=155035
[terrain_record_finalize_node-3] [INFO] [1782872873.513643237] [terrain_record_finalize_node]: Recording LiDAR terrain_frames=750, terrain_points=1295917, obstacle_frames=750, obstacle_points=162954, stored_terrain=1295917, stored_obstacle=162954
[terrain_record_finalize_node-3] [INFO] [1782872877.357605539] [terrain_record_finalize_node]: Recording LiDAR terrain_frames=775, terrain_points=1339231, obstacle_frames=775, obstacle_points=172057, stored_terrain=1339231, stored_obstacle=172057
[terrain_record_finalize_node-3] [INFO] [1782872880.626128376] [terrain_record_finalize_node]: Recording LiDAR terrain_frames=800, terrain_points=1383250, obstacle_frames=800, obstacle_points=183818, stored_terrain=1383250, stored_obstacle=183818
[terrain_record_finalize_node-3] [INFO] [1782872884.274829653] [terrain_record_finalize_node]: Recording LiDAR terrain_frames=825, terrain_points=1439456, obstacle_frames=825, obstacle_points=192278, stored_terrain=1439456, stored_obstacle=192278
[terrain_record_finalize_node-3] [INFO] [1782872888.287955322] [terrain_record_finalize_node]: Recording LiDAR terrain_frames=850, terrain_points=1497043, obstacle_frames=850, obstacle_points=201603, stored_terrain=1497043, stored_obstacle=201603
[terrain_record_finalize_node-3] [INFO] [1782872892.276178751] [terrain_record_finalize_node]: Recording LiDAR terrain_frames=875, terrain_points=1550641, obstacle_frames=875, obstacle_points=211781, stored_terrain=1550641, stored_obstacle=211781
[terrain_record_finalize_node-3] [INFO] [1782872896.451098263] [terrain_record_finalize_node]: Recording LiDAR terrain_frames=900, terrain_points=1601359, obstacle_frames=900, obstacle_points=222511, stored_terrain=1601359, stored_obstacle=222511
[terrain_record_finalize_node-3] [INFO] [1782872900.174914645] [terrain_record_finalize_node]: Recording LiDAR terrain_frames=925, terrain_points=1648632, obstacle_frames=925, obstacle_points=232164, stored_terrain=1648632, stored_obstacle=232164
[terrain_record_finalize_node-3] [INFO] [1782872904.245583560] [terrain_record_finalize_node]: Recording LiDAR terrain_frames=950, terrain_points=1692843, obstacle_frames=950, obstacle_points=238807, stored_terrain=1692843, stored_obstacle=238807
[terrain_record_finalize_node-3] [INFO] [1782872912.428617578] [terrain_record_finalize_node]: finalize 완료: frames=973, terrain_points=1735507, obstacle_points=242680, stored_terrain=1735507, stored_obstacle=242680, voxel_points=185826, ground=162658, non_ground=25957, method=preclassified_lidar_processor, save_file=/home/tankcc/tankcc/tank_terrain_maps/terrain_map_latest.npz
