[INFO] [launch]: All log files can be found below /home/tankcc/.ros/log/2026-07-01-11-38-06-237340-tankcc-OMEN-by-HP-Gaming-Laptop-16-k0xxx-53846
[INFO] [launch]: Default logging verbosity is set to INFO
[INFO] [static_map_loader_node-1]: process started with pid [53858]
[INFO] [rviz_visualizer_node-2]: process started with pid [53860]
[INFO] [terrain_record_finalize_node-3]: process started with pid [53862]
[INFO] [rviz2-4]: process started with pid [53864]
[rviz2-4] Warning: Ignoring XDG_SESSION_TYPE=wayland on Gnome. Use QT_QPA_PLATFORM=wayland to run on Wayland anyway.
[rviz2-4] [INFO] [1782873486.566760768] [rviz2]: Stereo is NOT SUPPORTED
[rviz2-4] [INFO] [1782873486.566830501] [rviz2]: OpenGl version: 4.6 (GLSL 4.6)
[rviz2-4] [INFO] [1782873486.579990395] [rviz2]: Stereo is NOT SUPPORTED
[rviz2-4] [INFO] [1782873486.718529117] [rviz2]: Stereo is NOT SUPPORTED
[rviz_visualizer_node-2] [INFO] [1782873486.718727508] [tank_rviz_visualizer_node]: tank_rviz_visualizer_node started
[terrain_record_finalize_node-3] [INFO] [1782873486.731692766] [terrain_record_finalize_node]: terrain_record_finalize_node started. Recording preclassified terrain=/tank/sensor/lidar/terrain_points_map, obstacle=/tank/sensor/lidar/detected_points_map. Mode=recording enabled, save_file=/home/tankcc/tankcc/tank_terrain_maps/terrain_map_latest.npz. Call /tank/terrain/finalize_map when driving is finished.
[static_map_loader_node-1] [INFO] [1782873486.868699491] [tank_static_map_loader_node]: Loaded static map (finalmap): 301 objects from /home/tankcc/tankcc/install/rviz_visualization/share/rviz_visualization/map/finalmap.map
[static_map_loader_node-1] [INFO] [1782873486.869079355] [tank_static_map_loader_node]: Static map mode=recon_only, publish_mission=False, publish_diff=False, publish_grids=True
[terrain_record_finalize_node-3] [INFO] [1782873502.426838973] [terrain_record_finalize_node]: 기록된 LiDAR와 최종 지도 결과를 초기화했습니다.
[terrain_record_finalize_node-3] [INFO] [1782873520.453218296] [terrain_record_finalize_node]: Recording LiDAR terrain_frames=25, terrain_points=52548, obstacle_frames=25, obstacle_points=2359, stored_terrain=52548, stored_obstacle=2359
[terrain_record_finalize_node-3] [INFO] [1782873524.384596646] [terrain_record_finalize_node]: Recording LiDAR terrain_frames=50, terrain_points=107173, obstacle_frames=50, obstacle_points=4014, stored_terrain=107173, stored_obstacle=4014
[terrain_record_finalize_node-3] [INFO] [1782873527.852327173] [terrain_record_finalize_node]: Recording LiDAR terrain_frames=75, terrain_points=163615, obstacle_frames=75, obstacle_points=5317, stored_terrain=163615, stored_obstacle=5317
[terrain_record_finalize_node-3] [INFO] [1782873531.721844722] [terrain_record_finalize_node]: Recording LiDAR terrain_frames=100, terrain_points=213968, obstacle_frames=100, obstacle_points=9214, stored_terrain=213968, stored_obstacle=9214
[terrain_record_finalize_node-3] [INFO] [1782873535.006850027] [terrain_record_finalize_node]: Recording LiDAR terrain_frames=125, terrain_points=268111, obstacle_frames=125, obstacle_points=13036, stored_terrain=268111, stored_obstacle=13036
[terrain_record_finalize_node-3] [INFO] [1782873538.250189565] [terrain_record_finalize_node]: Recording LiDAR terrain_frames=150, terrain_points=326388, obstacle_frames=150, obstacle_points=17130, stored_terrain=326388, stored_obstacle=17130
[terrain_record_finalize_node-3] [INFO] [1782873541.603239011] [terrain_record_finalize_node]: Recording LiDAR terrain_frames=175, terrain_points=389209, obstacle_frames=175, obstacle_points=21146, stored_terrain=389209, stored_obstacle=21146
[terrain_record_finalize_node-3] [INFO] [1782873545.223712653] [terrain_record_finalize_node]: Recording LiDAR terrain_frames=200, terrain_points=456876, obstacle_frames=200, obstacle_points=25184, stored_terrain=456876, stored_obstacle=25184
[terrain_record_finalize_node-3] [INFO] [1782873549.170244943] [terrain_record_finalize_node]: Recording LiDAR terrain_frames=225, terrain_points=524290, obstacle_frames=225, obstacle_points=27620, stored_terrain=524290, stored_obstacle=27620
[terrain_record_finalize_node-3] [INFO] [1782873552.547275279] [terrain_record_finalize_node]: Recording LiDAR terrain_frames=250, terrain_points=591553, obstacle_frames=250, obstacle_points=30202, stored_terrain=591553, stored_obstacle=30202
[terrain_record_finalize_node-3] [INFO] [1782873556.068871515] [terrain_record_finalize_node]: Recording LiDAR terrain_frames=275, terrain_points=651234, obstacle_frames=275, obstacle_points=33530, stored_terrain=651234, stored_obstacle=33530
[terrain_record_finalize_node-3] [INFO] [1782873559.292619396] [terrain_record_finalize_node]: Recording LiDAR terrain_frames=300, terrain_points=699612, obstacle_frames=300, obstacle_points=37599, stored_terrain=699612, stored_obstacle=37599
[terrain_record_finalize_node-3] [INFO] [1782873562.874036044] [terrain_record_finalize_node]: Recording LiDAR terrain_frames=325, terrain_points=747544, obstacle_frames=325, obstacle_points=40388, stored_terrain=747544, stored_obstacle=40388
[terrain_record_finalize_node-3] [INFO] [1782873567.069140013] [terrain_record_finalize_node]: Recording LiDAR terrain_frames=350, terrain_points=791627, obstacle_frames=350, obstacle_points=46036, stored_terrain=791627, stored_obstacle=46036
[terrain_record_finalize_node-3] [INFO] [1782873570.646604958] [terrain_record_finalize_node]: Recording LiDAR terrain_frames=375, terrain_points=835240, obstacle_frames=375, obstacle_points=49696, stored_terrain=835240, stored_obstacle=49696
[terrain_record_finalize_node-3] [INFO] [1782873574.398128439] [terrain_record_finalize_node]: Recording LiDAR terrain_frames=400, terrain_points=892297, obstacle_frames=400, obstacle_points=51201, stored_terrain=892297, stored_obstacle=51201
[terrain_record_finalize_node-3] [INFO] [1782873578.105592782] [terrain_record_finalize_node]: Recording LiDAR terrain_frames=425, terrain_points=946461, obstacle_frames=425, obstacle_points=53237, stored_terrain=946461, stored_obstacle=53237
[terrain_record_finalize_node-3] [INFO] [1782873581.544940315] [terrain_record_finalize_node]: Recording LiDAR terrain_frames=450, terrain_points=999977, obstacle_frames=450, obstacle_points=54966, stored_terrain=999977, stored_obstacle=54966
[terrain_record_finalize_node-3] [INFO] [1782873584.901471732] [terrain_record_finalize_node]: Recording LiDAR terrain_frames=475, terrain_points=1054044, obstacle_frames=475, obstacle_points=56029, stored_terrain=1054044, stored_obstacle=56029
[terrain_record_finalize_node-3] [INFO] [1782873588.903608982] [terrain_record_finalize_node]: Recording LiDAR terrain_frames=500, terrain_points=1107984, obstacle_frames=500, obstacle_points=57639, stored_terrain=1107984, stored_obstacle=57639
[terrain_record_finalize_node-3] [INFO] [1782873595.424180530] [terrain_record_finalize_node]: finalize 완료: frames=514, terrain_points=1135367, obstacle_points=59113, stored_terrain=1135367, stored_obstacle=59113, voxel_points=152133, ground=142507, non_ground=10741, method=preclassified_lidar_processor, save_file=/home/tankcc/tankcc/tank_terrain_maps/terrain_map_latest.npz
[terrain_record_finalize_node-3] [INFO] [1782873600.650267829] [terrain_record_finalize_node]: 기록된 LiDAR와 최종 지도 결과를 초기화했습니다.
[terrain_record_finalize_node-3] [INFO] [1782873606.759075968] [terrain_record_finalize_node]: Recording LiDAR terrain_frames=25, terrain_points=52437, obstacle_frames=25, obstacle_points=2205, stored_terrain=52437, stored_obstacle=2205
[terrain_record_finalize_node-3] [INFO] [1782873610.557281586] [terrain_record_finalize_node]: Recording LiDAR terrain_frames=50, terrain_points=105942, obstacle_frames=50, obstacle_points=3275, stored_terrain=105942, stored_obstacle=3275
[terrain_record_finalize_node-3] [INFO] [1782873614.317772311] [terrain_record_finalize_node]: Recording LiDAR terrain_frames=75, terrain_points=158902, obstacle_frames=75, obstacle_points=5133, stored_terrain=158902, stored_obstacle=5133
[terrain_record_finalize_node-3] [INFO] [1782873618.161795342] [terrain_record_finalize_node]: Recording LiDAR terrain_frames=100, terrain_points=206814, obstacle_frames=100, obstacle_points=9320, stored_terrain=206814, stored_obstacle=9320
[terrain_record_finalize_node-3] [INFO] [1782873621.576720872] [terrain_record_finalize_node]: Recording LiDAR terrain_frames=125, terrain_points=248221, obstacle_frames=125, obstacle_points=14433, stored_terrain=248221, stored_obstacle=14433
[terrain_record_finalize_node-3] [INFO] [1782873624.818711948] [terrain_record_finalize_node]: Recording LiDAR terrain_frames=150, terrain_points=288845, obstacle_frames=150, obstacle_points=22340, stored_terrain=288845, stored_obstacle=22340
[terrain_record_finalize_node-3] [INFO] [1782873628.334122259] [terrain_record_finalize_node]: Recording LiDAR terrain_frames=175, terrain_points=332233, obstacle_frames=175, obstacle_points=30689, stored_terrain=332233, stored_obstacle=30689
[terrain_record_finalize_node-3] [INFO] [1782873632.406413361] [terrain_record_finalize_node]: Recording LiDAR terrain_frames=200, terrain_points=374396, obstacle_frames=200, obstacle_points=42864, stored_terrain=374396, stored_obstacle=42864
[terrain_record_finalize_node-3] [INFO] [1782873635.403875020] [terrain_record_finalize_node]: Recording LiDAR terrain_frames=225, terrain_points=417764, obstacle_frames=225, obstacle_points=61061, stored_terrain=417764, stored_obstacle=61061
[terrain_record_finalize_node-3] [INFO] [1782873639.006449752] [terrain_record_finalize_node]: Recording LiDAR terrain_frames=250, terrain_points=471327, obstacle_frames=250, obstacle_points=70362, stored_terrain=471327, stored_obstacle=70362
[terrain_record_finalize_node-3] [INFO] [1782873642.750346854] [terrain_record_finalize_node]: Recording LiDAR terrain_frames=275, terrain_points=519360, obstacle_frames=275, obstacle_points=76863, stored_terrain=519360, stored_obstacle=76863
[terrain_record_finalize_node-3] [INFO] [1782873645.772848112] [terrain_record_finalize_node]: Recording LiDAR terrain_frames=300, terrain_points=567421, obstacle_frames=300, obstacle_points=83280, stored_terrain=567421, stored_obstacle=83280
[terrain_record_finalize_node-3] [INFO] [1782873649.103252477] [terrain_record_finalize_node]: Recording LiDAR terrain_frames=325, terrain_points=617201, obstacle_frames=325, obstacle_points=86579, stored_terrain=617201, stored_obstacle=86579
[terrain_record_finalize_node-3] [INFO] [1782873652.517712075] [terrain_record_finalize_node]: Recording LiDAR terrain_frames=350, terrain_points=662102, obstacle_frames=350, obstacle_points=89223, stored_terrain=662102, stored_obstacle=89223
[terrain_record_finalize_node-3] [INFO] [1782873656.292465551] [terrain_record_finalize_node]: Recording LiDAR terrain_frames=375, terrain_points=703946, obstacle_frames=375, obstacle_points=90626, stored_terrain=703946, stored_obstacle=90626
[terrain_record_finalize_node-3] [INFO] [1782873659.466263704] [terrain_record_finalize_node]: Recording LiDAR terrain_frames=400, terrain_points=736918, obstacle_frames=400, obstacle_points=92287, stored_terrain=736918, stored_obstacle=92287
[terrain_record_finalize_node-3] [INFO] [1782873662.470688725] [terrain_record_finalize_node]: Recording LiDAR terrain_frames=425, terrain_points=766581, obstacle_frames=425, obstacle_points=94902, stored_terrain=766581, stored_obstacle=94902
[terrain_record_finalize_node-3] [INFO] [1782873666.493574932] [terrain_record_finalize_node]: Recording LiDAR terrain_frames=450, terrain_points=803758, obstacle_frames=450, obstacle_points=98226, stored_terrain=803758, stored_obstacle=98226
[terrain_record_finalize_node-3] [INFO] [1782873669.726333617] [terrain_record_finalize_node]: Recording LiDAR terrain_frames=475, terrain_points=854770, obstacle_frames=475, obstacle_points=100795, stored_terrain=854770, stored_obstacle=100795
[terrain_record_finalize_node-3] [INFO] [1782873673.265389739] [terrain_record_finalize_node]: Recording LiDAR terrain_frames=500, terrain_points=901424, obstacle_frames=500, obstacle_points=103790, stored_terrain=901424, stored_obstacle=103790
[terrain_record_finalize_node-3] [INFO] [1782873677.113601849] [terrain_record_finalize_node]: Recording LiDAR terrain_frames=525, terrain_points=925934, obstacle_frames=525, obstacle_points=107749, stored_terrain=925934, stored_obstacle=107749
[terrain_record_finalize_node-3] [INFO] [1782873680.738759947] [terrain_record_finalize_node]: Recording LiDAR terrain_frames=550, terrain_points=960716, obstacle_frames=550, obstacle_points=112754, stored_terrain=960716, stored_obstacle=112754
[terrain_record_finalize_node-3] [INFO] [1782873684.201619529] [terrain_record_finalize_node]: Recording LiDAR terrain_frames=575, terrain_points=1000012, obstacle_frames=575, obstacle_points=116963, stored_terrain=1000012, stored_obstacle=116963
[terrain_record_finalize_node-3] [INFO] [1782873687.847753881] [terrain_record_finalize_node]: Recording LiDAR terrain_frames=600, terrain_points=1041515, obstacle_frames=600, obstacle_points=122550, stored_terrain=1041515, stored_obstacle=122550
[terrain_record_finalize_node-3] [INFO] [1782873691.638694762] [terrain_record_finalize_node]: Recording LiDAR terrain_frames=625, terrain_points=1084107, obstacle_frames=625, obstacle_points=133602, stored_terrain=1084107, stored_obstacle=133602
[terrain_record_finalize_node-3] [INFO] [1782873695.358492391] [terrain_record_finalize_node]: Recording LiDAR terrain_frames=650, terrain_points=1136242, obstacle_frames=650, obstacle_points=143269, stored_terrain=1136242, stored_obstacle=143269
[terrain_record_finalize_node-3] [INFO] [1782873699.317655802] [terrain_record_finalize_node]: Recording LiDAR terrain_frames=675, terrain_points=1193372, obstacle_frames=675, obstacle_points=152600, stored_terrain=1193372, stored_obstacle=152600
[terrain_record_finalize_node-3] [INFO] [1782873703.338570407] [terrain_record_finalize_node]: Recording LiDAR terrain_frames=700, terrain_points=1250245, obstacle_frames=700, obstacle_points=162462, stored_terrain=1250245, stored_obstacle=162462
[terrain_record_finalize_node-3] [INFO] [1782873707.303933159] [terrain_record_finalize_node]: Recording LiDAR terrain_frames=725, terrain_points=1302397, obstacle_frames=725, obstacle_points=173144, stored_terrain=1302397, stored_obstacle=173144
[terrain_record_finalize_node-3] [INFO] [1782873711.131169192] [terrain_record_finalize_node]: Recording LiDAR terrain_frames=750, terrain_points=1346854, obstacle_frames=750, obstacle_points=181000, stored_terrain=1346854, stored_obstacle=181000
[terrain_record_finalize_node-3] [INFO] [1782873714.428315850] [terrain_record_finalize_node]: Recording LiDAR terrain_frames=775, terrain_points=1389817, obstacle_frames=775, obstacle_points=187093, stored_terrain=1389817, stored_obstacle=187093
[terrain_record_finalize_node-3] [INFO] [1782873718.457025757] [terrain_record_finalize_node]: Recording LiDAR terrain_frames=800, terrain_points=1434469, obstacle_frames=800, obstacle_points=192291, stored_terrain=1434469, stored_obstacle=192291
[terrain_record_finalize_node-3] [INFO] [1782873723.890420351] [terrain_record_finalize_node]: finalize 완료: frames=807, terrain_points=1447481, obstacle_points=193439, stored_terrain=1447481, stored_obstacle=193439, voxel_points=187623, ground=165467, non_ground=24704, method=preclassified_lidar_processor, save_file=/home/tankcc/tankcc/tank_terrain_maps/terrain_map_latest.npz
