[INFO] [launch]: All log files can be found below /home/tankcc/.ros/log/2026-07-01-12-27-29-995864-tankcc-OMEN-by-HP-Gaming-Laptop-16-k0xxx-113909
[INFO] [launch]: Default logging verbosity is set to INFO
[INFO] [static_map_loader_node-1]: process started with pid [113923]
[INFO] [rviz_visualizer_node-2]: process started with pid [113925]
[INFO] [terrain_record_finalize_node-3]: process started with pid [113927]
[INFO] [rviz2-4]: process started with pid [113929]
[rviz2-4] Warning: Ignoring XDG_SESSION_TYPE=wayland on Gnome. Use QT_QPA_PLATFORM=wayland to run on Wayland anyway.
[rviz_visualizer_node-2] [INFO] [1782876450.617861354] [tank_rviz_visualizer_node]: tank_rviz_visualizer_node started
[terrain_record_finalize_node-3] [INFO] [1782876450.641573396] [terrain_record_finalize_node]: terrain_record_finalize_node started. Recording preclassified terrain=/tank/sensor/lidar/terrain_points_map, obstacle=/tank/sensor/lidar/detected_points_map. Mode=recording enabled, save_file=/home/tankcc/tankcc/tank_terrain_maps/terrain_map_latest.npz. Call /tank/terrain/finalize_map when driving is finished.
[rviz2-4] [INFO] [1782876450.733627144] [rviz2]: Stereo is NOT SUPPORTED
[rviz2-4] [INFO] [1782876450.733700514] [rviz2]: OpenGl version: 4.6 (GLSL 4.6)
[rviz2-4] [INFO] [1782876450.749449957] [rviz2]: Stereo is NOT SUPPORTED
[static_map_loader_node-1] [INFO] [1782876450.780587772] [tank_static_map_loader_node]: Loaded static map (finalmap): 301 objects from /home/tankcc/tankcc/install/rviz_visualization/share/rviz_visualization/map/finalmap.map
[static_map_loader_node-1] [INFO] [1782876450.780849984] [tank_static_map_loader_node]: Static map mode=recon_only, publish_mission=False, publish_diff=False, publish_grids=True
[rviz2-4] [INFO] [1782876450.857266427] [rviz2]: Stereo is NOT SUPPORTED
[terrain_record_finalize_node-3] [INFO] [1782876455.480029216] [terrain_record_finalize_node]: Recording LiDAR terrain_frames=25, terrain_points=52500, obstacle_frames=25, obstacle_points=2375, stored_terrain=52500, stored_obstacle=2375
[terrain_record_finalize_node-3] [INFO] [1782876457.461602132] [terrain_record_finalize_node]: Recording LiDAR terrain_frames=50, terrain_points=104998, obstacle_frames=50, obstacle_points=4750, stored_terrain=104998, stored_obstacle=4750
[terrain_record_finalize_node-3] [INFO] [1782876462.094996761] [terrain_record_finalize_node]: Recording LiDAR terrain_frames=75, terrain_points=157493, obstacle_frames=75, obstacle_points=7125, stored_terrain=157493, stored_obstacle=7125
[terrain_record_finalize_node-3] [INFO] [1782876466.192063795] [terrain_record_finalize_node]: 기록된 LiDAR와 최종 지도 결과를 초기화했습니다.
[terrain_record_finalize_node-3] [INFO] [1782876472.185043910] [terrain_record_finalize_node]: Recording LiDAR terrain_frames=25, terrain_points=52825, obstacle_frames=25, obstacle_points=2250, stored_terrain=52825, stored_obstacle=2250
[terrain_record_finalize_node-3] [INFO] [1782876475.964789519] [terrain_record_finalize_node]: Recording LiDAR terrain_frames=50, terrain_points=109073, obstacle_frames=50, obstacle_points=3517, stored_terrain=109073, stored_obstacle=3517
[terrain_record_finalize_node-3] [INFO] [1782876480.206089386] [terrain_record_finalize_node]: Recording LiDAR terrain_frames=75, terrain_points=161960, obstacle_frames=75, obstacle_points=5697, stored_terrain=161960, stored_obstacle=5697
[terrain_record_finalize_node-3] [INFO] [1782876483.840137948] [terrain_record_finalize_node]: Recording LiDAR terrain_frames=100, terrain_points=214286, obstacle_frames=100, obstacle_points=9735, stored_terrain=214286, stored_obstacle=9735
[terrain_record_finalize_node-3] [INFO] [1782876488.222688329] [terrain_record_finalize_node]: Recording LiDAR terrain_frames=125, terrain_points=268572, obstacle_frames=125, obstacle_points=13882, stored_terrain=268572, stored_obstacle=13882
[terrain_record_finalize_node-3] [INFO] [1782876491.465559409] [terrain_record_finalize_node]: Recording LiDAR terrain_frames=150, terrain_points=324900, obstacle_frames=150, obstacle_points=17855, stored_terrain=324900, stored_obstacle=17855
[terrain_record_finalize_node-3] [INFO] [1782876494.610035161] [terrain_record_finalize_node]: Recording LiDAR terrain_frames=175, terrain_points=385717, obstacle_frames=175, obstacle_points=22521, stored_terrain=385717, stored_obstacle=22521
[terrain_record_finalize_node-3] [INFO] [1782876498.027669198] [terrain_record_finalize_node]: Recording LiDAR terrain_frames=200, terrain_points=451946, obstacle_frames=200, obstacle_points=26641, stored_terrain=451946, stored_obstacle=26641
[terrain_record_finalize_node-3] [INFO] [1782876502.375901655] [terrain_record_finalize_node]: Recording LiDAR terrain_frames=225, terrain_points=520049, obstacle_frames=225, obstacle_points=29358, stored_terrain=520049, stored_obstacle=29358
[terrain_record_finalize_node-3] [INFO] [1782876505.752202004] [terrain_record_finalize_node]: Recording LiDAR terrain_frames=250, terrain_points=579647, obstacle_frames=250, obstacle_points=32942, stored_terrain=579647, stored_obstacle=32942
[terrain_record_finalize_node-3] [INFO] [1782876508.771504676] [terrain_record_finalize_node]: Recording LiDAR terrain_frames=275, terrain_points=627561, obstacle_frames=275, obstacle_points=37034, stored_terrain=627561, stored_obstacle=37034
[terrain_record_finalize_node-3] [INFO] [1782876512.490383426] [terrain_record_finalize_node]: Recording LiDAR terrain_frames=300, terrain_points=673324, obstacle_frames=300, obstacle_points=39980, stored_terrain=673324, stored_obstacle=39980
[terrain_record_finalize_node-3] [INFO] [1782876516.383766564] [terrain_record_finalize_node]: Recording LiDAR terrain_frames=325, terrain_points=717843, obstacle_frames=325, obstacle_points=45314, stored_terrain=717843, stored_obstacle=45314
[terrain_record_finalize_node-3] [INFO] [1782876520.429501455] [terrain_record_finalize_node]: Recording LiDAR terrain_frames=350, terrain_points=762287, obstacle_frames=350, obstacle_points=48543, stored_terrain=762287, stored_obstacle=48543
[terrain_record_finalize_node-3] [INFO] [1782876524.092397488] [terrain_record_finalize_node]: Recording LiDAR terrain_frames=375, terrain_points=820207, obstacle_frames=375, obstacle_points=50026, stored_terrain=820207, stored_obstacle=50026
[terrain_record_finalize_node-3] [INFO] [1782876528.136290173] [terrain_record_finalize_node]: Recording LiDAR terrain_frames=400, terrain_points=873869, obstacle_frames=400, obstacle_points=51924, stored_terrain=873869, stored_obstacle=51924
[terrain_record_finalize_node-3] [INFO] [1782876531.333272245] [terrain_record_finalize_node]: Recording LiDAR terrain_frames=425, terrain_points=927451, obstacle_frames=425, obstacle_points=53497, stored_terrain=927451, stored_obstacle=53497
[terrain_record_finalize_node-3] [INFO] [1782876535.405446252] [terrain_record_finalize_node]: Recording LiDAR terrain_frames=450, terrain_points=981177, obstacle_frames=450, obstacle_points=54689, stored_terrain=981177, stored_obstacle=54689
[terrain_record_finalize_node-3] [INFO] [1782876538.895827794] [terrain_record_finalize_node]: Recording LiDAR terrain_frames=475, terrain_points=1035148, obstacle_frames=475, obstacle_points=56509, stored_terrain=1035148, stored_obstacle=56509
[terrain_record_finalize_node-3] [INFO] [1782876546.039317715] [terrain_record_finalize_node]: finalize 완료: frames=491, terrain_points=1065645, obstacle_points=58657, stored_terrain=1065645, stored_obstacle=58657, voxel_points=155606, ground=145705, non_ground=10975, method=preclassified_lidar_processor, save_file=/home/tankcc/tankcc/tank_terrain_maps/terrain_map_latest.npz
[terrain_record_finalize_node-3] [INFO] [1782876551.561985786] [terrain_record_finalize_node]: finalize 완료: frames=491, terrain_points=1065645, obstacle_points=58657, stored_terrain=1065645, stored_obstacle=58657, voxel_points=155448, ground=145545, non_ground=10975, method=preclassified_lidar_processor, save_file=/home/tankcc/tankcc/tank_terrain_maps/terrain_map_latest.npz
[terrain_record_finalize_node-3] [INFO] [1782876559.130372659] [terrain_record_finalize_node]: 기록된 LiDAR와 최종 지도 결과를 초기화했습니다.
[terrain_record_finalize_node-3] [INFO] [1782876564.179568445] [terrain_record_finalize_node]: Recording LiDAR terrain_frames=25, terrain_points=52520, obstacle_frames=25, obstacle_points=2322, stored_terrain=52520, stored_obstacle=2322
[terrain_record_finalize_node-3] [INFO] [1782876568.033355420] [terrain_record_finalize_node]: Recording LiDAR terrain_frames=50, terrain_points=105506, obstacle_frames=50, obstacle_points=3735, stored_terrain=105506, stored_obstacle=3735
[terrain_record_finalize_node-3] [INFO] [1782876571.604010130] [terrain_record_finalize_node]: Recording LiDAR terrain_frames=75, terrain_points=158985, obstacle_frames=75, obstacle_points=5000, stored_terrain=158985, stored_obstacle=5000
[terrain_record_finalize_node-3] [INFO] [1782876575.631071508] [terrain_record_finalize_node]: Recording LiDAR terrain_frames=100, terrain_points=206858, obstacle_frames=100, obstacle_points=9173, stored_terrain=206858, stored_obstacle=9173
[terrain_record_finalize_node-3] [INFO] [1782876579.496942494] [terrain_record_finalize_node]: Recording LiDAR terrain_frames=125, terrain_points=248143, obstacle_frames=125, obstacle_points=14615, stored_terrain=248143, stored_obstacle=14615
[terrain_record_finalize_node-3] [INFO] [1782876582.916066777] [terrain_record_finalize_node]: Recording LiDAR terrain_frames=150, terrain_points=288454, obstacle_frames=150, obstacle_points=22574, stored_terrain=288454, stored_obstacle=22574
[terrain_record_finalize_node-3] [INFO] [1782876586.050709614] [terrain_record_finalize_node]: Recording LiDAR terrain_frames=175, terrain_points=331657, obstacle_frames=175, obstacle_points=31999, stored_terrain=331657, stored_obstacle=31999
[terrain_record_finalize_node-3] [INFO] [1782876589.667691489] [terrain_record_finalize_node]: Recording LiDAR terrain_frames=200, terrain_points=373562, obstacle_frames=200, obstacle_points=44989, stored_terrain=373562, stored_obstacle=44989
[terrain_record_finalize_node-3] [INFO] [1782876593.344995768] [terrain_record_finalize_node]: Recording LiDAR terrain_frames=225, terrain_points=418149, obstacle_frames=225, obstacle_points=62824, stored_terrain=418149, stored_obstacle=62824
[terrain_record_finalize_node-3] [INFO] [1782876596.770338762] [terrain_record_finalize_node]: Recording LiDAR terrain_frames=250, terrain_points=472582, obstacle_frames=250, obstacle_points=72102, stored_terrain=472582, stored_obstacle=72102
[terrain_record_finalize_node-3] [INFO] [1782876600.165325715] [terrain_record_finalize_node]: Recording LiDAR terrain_frames=275, terrain_points=527994, obstacle_frames=275, obstacle_points=78862, stored_terrain=527994, stored_obstacle=78862
[terrain_record_finalize_node-3] [INFO] [1782876603.042311836] [terrain_record_finalize_node]: Recording LiDAR terrain_frames=300, terrain_points=579821, obstacle_frames=300, obstacle_points=85273, stored_terrain=579821, stored_obstacle=85273
[terrain_record_finalize_node-3] [INFO] [1782876606.213128209] [terrain_record_finalize_node]: Recording LiDAR terrain_frames=325, terrain_points=625673, obstacle_frames=325, obstacle_points=92192, stored_terrain=625673, stored_obstacle=92192
[terrain_record_finalize_node-3] [INFO] [1782876609.488042281] [terrain_record_finalize_node]: Recording LiDAR terrain_frames=350, terrain_points=676635, obstacle_frames=350, obstacle_points=96463, stored_terrain=676635, stored_obstacle=96463
[terrain_record_finalize_node-3] [INFO] [1782876612.287081241] [terrain_record_finalize_node]: Recording LiDAR terrain_frames=375, terrain_points=723216, obstacle_frames=375, obstacle_points=99232, stored_terrain=723216, stored_obstacle=99232
[terrain_record_finalize_node-3] [INFO] [1782876615.250680450] [terrain_record_finalize_node]: Recording LiDAR terrain_frames=400, terrain_points=766099, obstacle_frames=400, obstacle_points=102221, stored_terrain=766099, stored_obstacle=102221
[terrain_record_finalize_node-3] [INFO] [1782876618.505703268] [terrain_record_finalize_node]: Recording LiDAR terrain_frames=425, terrain_points=808879, obstacle_frames=425, obstacle_points=104736, stored_terrain=808879, stored_obstacle=104736
[terrain_record_finalize_node-3] [INFO] [1782876621.750194303] [terrain_record_finalize_node]: Recording LiDAR terrain_frames=450, terrain_points=849430, obstacle_frames=450, obstacle_points=106317, stored_terrain=849430, stored_obstacle=106317
[terrain_record_finalize_node-3] [INFO] [1782876625.314754965] [terrain_record_finalize_node]: Recording LiDAR terrain_frames=475, terrain_points=883546, obstacle_frames=475, obstacle_points=107817, stored_terrain=883546, stored_obstacle=107817
[terrain_record_finalize_node-3] [INFO] [1782876628.127584020] [terrain_record_finalize_node]: Recording LiDAR terrain_frames=500, terrain_points=909930, obstacle_frames=500, obstacle_points=111367, stored_terrain=909930, stored_obstacle=111367
[terrain_record_finalize_node-3] [INFO] [1782876631.410653290] [terrain_record_finalize_node]: Recording LiDAR terrain_frames=525, terrain_points=940582, obstacle_frames=525, obstacle_points=114809, stored_terrain=940582, stored_obstacle=114809
[terrain_record_finalize_node-3] [INFO] [1782876634.959093366] [terrain_record_finalize_node]: Recording LiDAR terrain_frames=550, terrain_points=987363, obstacle_frames=550, obstacle_points=117468, stored_terrain=987363, stored_obstacle=117468
[terrain_record_finalize_node-3] [INFO] [1782876638.415901610] [terrain_record_finalize_node]: Recording LiDAR terrain_frames=575, terrain_points=1039553, obstacle_frames=575, obstacle_points=120010, stored_terrain=1039553, stored_obstacle=120010
[terrain_record_finalize_node-3] [INFO] [1782876641.832600780] [terrain_record_finalize_node]: Recording LiDAR terrain_frames=600, terrain_points=1081369, obstacle_frames=600, obstacle_points=123159, stored_terrain=1081369, stored_obstacle=123159
[terrain_record_finalize_node-3] [INFO] [1782876645.529257125] [terrain_record_finalize_node]: Recording LiDAR terrain_frames=625, terrain_points=1115609, obstacle_frames=625, obstacle_points=126541, stored_terrain=1115609, stored_obstacle=126541
[terrain_record_finalize_node-3] [INFO] [1782876649.602845520] [terrain_record_finalize_node]: Recording LiDAR terrain_frames=650, terrain_points=1137070, obstacle_frames=650, obstacle_points=130789, stored_terrain=1137070, stored_obstacle=130789
[terrain_record_finalize_node-3] [INFO] [1782876653.170252664] [terrain_record_finalize_node]: Recording LiDAR terrain_frames=675, terrain_points=1176119, obstacle_frames=675, obstacle_points=136016, stored_terrain=1176119, stored_obstacle=136016
[terrain_record_finalize_node-3] [INFO] [1782876656.528299111] [terrain_record_finalize_node]: Recording LiDAR terrain_frames=700, terrain_points=1217095, obstacle_frames=700, obstacle_points=140509, stored_terrain=1217095, stored_obstacle=140509
[terrain_record_finalize_node-3] [INFO] [1782876659.436840431] [terrain_record_finalize_node]: Recording LiDAR terrain_frames=725, terrain_points=1259211, obstacle_frames=725, obstacle_points=146604, stored_terrain=1259211, stored_obstacle=146604
[terrain_record_finalize_node-3] [INFO] [1782876662.738299789] [terrain_record_finalize_node]: Recording LiDAR terrain_frames=750, terrain_points=1301948, obstacle_frames=750, obstacle_points=156113, stored_terrain=1301948, stored_obstacle=156113
[terrain_record_finalize_node-3] [INFO] [1782876666.271342861] [terrain_record_finalize_node]: Recording LiDAR terrain_frames=775, terrain_points=1344182, obstacle_frames=775, obstacle_points=167067, stored_terrain=1344182, stored_obstacle=167067
[terrain_record_finalize_node-3] [INFO] [1782876669.455464486] [terrain_record_finalize_node]: Recording LiDAR terrain_frames=800, terrain_points=1388810, obstacle_frames=800, obstacle_points=178984, stored_terrain=1388810, stored_obstacle=178984
[terrain_record_finalize_node-3] [INFO] [1782876672.744162410] [terrain_record_finalize_node]: Recording LiDAR terrain_frames=825, terrain_points=1437756, obstacle_frames=825, obstacle_points=190041, stored_terrain=1437756, stored_obstacle=190041
[terrain_record_finalize_node-3] [INFO] [1782876675.832500068] [terrain_record_finalize_node]: Recording LiDAR terrain_frames=850, terrain_points=1490668, obstacle_frames=850, obstacle_points=198485, stored_terrain=1490668, stored_obstacle=198485
[terrain_record_finalize_node-3] [INFO] [1782876679.676621827] [terrain_record_finalize_node]: Recording LiDAR terrain_frames=875, terrain_points=1547866, obstacle_frames=875, obstacle_points=207792, stored_terrain=1547866, stored_obstacle=207792
[terrain_record_finalize_node-3] [INFO] [1782876683.103497859] [terrain_record_finalize_node]: Recording LiDAR terrain_frames=900, terrain_points=1603657, obstacle_frames=900, obstacle_points=217910, stored_terrain=1603657, stored_obstacle=217910
[terrain_record_finalize_node-3] [INFO] [1782876686.812411955] [terrain_record_finalize_node]: Recording LiDAR terrain_frames=925, terrain_points=1654502, obstacle_frames=925, obstacle_points=229004, stored_terrain=1654502, stored_obstacle=229004
[terrain_record_finalize_node-3] [INFO] [1782876690.569794624] [terrain_record_finalize_node]: Recording LiDAR terrain_frames=950, terrain_points=1704061, obstacle_frames=950, obstacle_points=239998, stored_terrain=1704061, stored_obstacle=239998
[terrain_record_finalize_node-3] [INFO] [1782876694.461705647] [terrain_record_finalize_node]: Recording LiDAR terrain_frames=975, terrain_points=1749275, obstacle_frames=975, obstacle_points=248553, stored_terrain=1749275, stored_obstacle=248553
[terrain_record_finalize_node-3] [INFO] [1782876698.226903380] [terrain_record_finalize_node]: Recording LiDAR terrain_frames=1000, terrain_points=1792759, obstacle_frames=1000, obstacle_points=254276, stored_terrain=1792759, stored_obstacle=254276
[terrain_record_finalize_node-3] [INFO] [1782876701.887057062] [terrain_record_finalize_node]: Recording LiDAR terrain_frames=1025, terrain_points=1838524, obstacle_frames=1025, obstacle_points=258725, stored_terrain=1838524, stored_obstacle=258725
[terrain_record_finalize_node-3] [INFO] [1782876709.086461009] [terrain_record_finalize_node]: finalize 완료: frames=1025, terrain_points=1838524, obstacle_points=258725, stored_terrain=1838524, stored_obstacle=258725, voxel_points=186591, ground=163564, non_ground=25708, method=preclassified_lidar_processor, save_file=/home/tankcc/tankcc/tank_terrain_maps/terrain_map_latest.npz
[terrain_record_finalize_node-3] [INFO] [1782876716.898818195] [terrain_record_finalize_node]: finalize 완료: frames=1025, terrain_points=1838524, obstacle_points=258725, stored_terrain=1838524, stored_obstacle=258725, voxel_points=186775, ground=163782, non_ground=25708, method=preclassified_lidar_processor, save_file=/home/tankcc/tankcc/tank_terrain_maps/terrain_map_latest.npz
