[INFO] [launch]: All log files can be found below /home/tankcc/.ros/log/2026-07-01-11-08-29-817310-tankcc-OMEN-by-HP-Gaming-Laptop-16-k0xxx-6243
[INFO] [launch]: Default logging verbosity is set to INFO
[INFO] [static_map_loader_node-1]: process started with pid [6257]
[INFO] [rviz_visualizer_node-2]: process started with pid [6259]
[INFO] [terrain_record_finalize_node-3]: process started with pid [6261]
[INFO] [rviz2-4]: process started with pid [6263]
[rviz2-4] Warning: Ignoring XDG_SESSION_TYPE=wayland on Gnome. Use QT_QPA_PLATFORM=wayland to run on Wayland anyway.
[terrain_record_finalize_node-3] [INFO] [1782871710.740307826] [terrain_record_finalize_node]: terrain_record_finalize_node started. Recording preclassified terrain=/tank/sensor/lidar/terrain_points_map, obstacle=/tank/sensor/lidar/detected_points_map. Mode=recording enabled, save_file=/home/tankcc/tankcc/tank_terrain_maps/terrain_map_latest.npz. Call /tank/terrain/finalize_map when driving is finished.
[rviz_visualizer_node-2] [INFO] [1782871710.756563487] [tank_rviz_visualizer_node]: tank_rviz_visualizer_node started
[rviz2-4] [INFO] [1782871710.831084215] [rviz2]: Stereo is NOT SUPPORTED
[rviz2-4] [INFO] [1782871710.831136328] [rviz2]: OpenGl version: 4.6 (GLSL 4.6)
[rviz2-4] [INFO] [1782871710.845921027] [rviz2]: Stereo is NOT SUPPORTED
[static_map_loader_node-1] [INFO] [1782871710.904458607] [tank_static_map_loader_node]: Loaded static map (finalmap): 301 objects from /home/tankcc/tankcc/install/rviz_visualization/share/rviz_visualization/map/finalmap.map
[static_map_loader_node-1] [INFO] [1782871710.904732382] [tank_static_map_loader_node]: Static map mode=recon_only, publish_mission=False, publish_diff=False, publish_grids=True
[rviz2-4] [INFO] [1782871710.962339763] [rviz2]: Stereo is NOT SUPPORTED
[terrain_record_finalize_node-3] [INFO] [1782871725.744904732] [terrain_record_finalize_node]: 기록된 LiDAR와 최종 지도 결과를 초기화했습니다.
[terrain_record_finalize_node-3] [INFO] [1782871732.400601142] [terrain_record_finalize_node]: Recording LiDAR terrain_frames=25, terrain_points=52564, obstacle_frames=25, obstacle_points=2340, stored_terrain=52564, stored_obstacle=2340
[terrain_record_finalize_node-3] [INFO] [1782871735.267159871] [terrain_record_finalize_node]: Recording LiDAR terrain_frames=50, terrain_points=106630, obstacle_frames=50, obstacle_points=4048, stored_terrain=106630, stored_obstacle=4048
[terrain_record_finalize_node-3] [INFO] [1782871738.640957092] [terrain_record_finalize_node]: Recording LiDAR terrain_frames=75, terrain_points=164344, obstacle_frames=75, obstacle_points=5202, stored_terrain=164344, stored_obstacle=5202
[terrain_record_finalize_node-3] [INFO] [1782871742.344904033] [terrain_record_finalize_node]: Recording LiDAR terrain_frames=100, terrain_points=214686, obstacle_frames=100, obstacle_points=8472, stored_terrain=214686, stored_obstacle=8472
[terrain_record_finalize_node-3] [INFO] [1782871746.104055722] [terrain_record_finalize_node]: Recording LiDAR terrain_frames=125, terrain_points=267711, obstacle_frames=125, obstacle_points=12398, stored_terrain=267711, stored_obstacle=12398
[terrain_record_finalize_node-3] [INFO] [1782871750.024944130] [terrain_record_finalize_node]: Recording LiDAR terrain_frames=150, terrain_points=324069, obstacle_frames=150, obstacle_points=16320, stored_terrain=324069, stored_obstacle=16320
[terrain_record_finalize_node-3] [INFO] [1782871753.250923928] [terrain_record_finalize_node]: Recording LiDAR terrain_frames=175, terrain_points=386069, obstacle_frames=175, obstacle_points=20884, stored_terrain=386069, stored_obstacle=20884
[terrain_record_finalize_node-3] [INFO] [1782871756.691752561] [terrain_record_finalize_node]: Recording LiDAR terrain_frames=200, terrain_points=452558, obstacle_frames=200, obstacle_points=24977, stored_terrain=452558, stored_obstacle=24977
[terrain_record_finalize_node-3] [INFO] [1782871760.431574653] [terrain_record_finalize_node]: Recording LiDAR terrain_frames=225, terrain_points=520134, obstacle_frames=225, obstacle_points=27431, stored_terrain=520134, stored_obstacle=27431
[terrain_record_finalize_node-3] [INFO] [1782871763.743157781] [terrain_record_finalize_node]: Recording LiDAR terrain_frames=250, terrain_points=584947, obstacle_frames=250, obstacle_points=30061, stored_terrain=584947, stored_obstacle=30061
[terrain_record_finalize_node-3] [INFO] [1782871767.126660118] [terrain_record_finalize_node]: Recording LiDAR terrain_frames=275, terrain_points=646315, obstacle_frames=275, obstacle_points=32853, stored_terrain=646315, stored_obstacle=32853
[terrain_record_finalize_node-3] [INFO] [1782871770.711300719] [terrain_record_finalize_node]: Recording LiDAR terrain_frames=300, terrain_points=697981, obstacle_frames=300, obstacle_points=36409, stored_terrain=697981, stored_obstacle=36409
[terrain_record_finalize_node-3] [INFO] [1782871774.077839830] [terrain_record_finalize_node]: Recording LiDAR terrain_frames=325, terrain_points=745759, obstacle_frames=325, obstacle_points=39226, stored_terrain=745759, stored_obstacle=39226
[terrain_record_finalize_node-3] [INFO] [1782871777.685556665] [terrain_record_finalize_node]: Recording LiDAR terrain_frames=350, terrain_points=789440, obstacle_frames=350, obstacle_points=43831, stored_terrain=789440, stored_obstacle=43831
[terrain_record_finalize_node-3] [INFO] [1782871781.772397196] [terrain_record_finalize_node]: Recording LiDAR terrain_frames=375, terrain_points=837758, obstacle_frames=375, obstacle_points=48897, stored_terrain=837758, stored_obstacle=48897
[terrain_record_finalize_node-3] [INFO] [1782871785.577509317] [terrain_record_finalize_node]: Recording LiDAR terrain_frames=400, terrain_points=882600, obstacle_frames=400, obstacle_points=51632, stored_terrain=882600, stored_obstacle=51632
[terrain_record_finalize_node-3] [INFO] [1782871789.374539337] [terrain_record_finalize_node]: Recording LiDAR terrain_frames=425, terrain_points=940837, obstacle_frames=425, obstacle_points=53130, stored_terrain=940837, stored_obstacle=53130
[terrain_record_finalize_node-3] [INFO] [1782871793.061963587] [terrain_record_finalize_node]: Recording LiDAR terrain_frames=450, terrain_points=993904, obstacle_frames=450, obstacle_points=55130, stored_terrain=993904, stored_obstacle=55130
[terrain_record_finalize_node-3] [INFO] [1782871796.654290985] [terrain_record_finalize_node]: Recording LiDAR terrain_frames=475, terrain_points=1047231, obstacle_frames=475, obstacle_points=56656, stored_terrain=1047231, stored_obstacle=56656
[terrain_record_finalize_node-3] [INFO] [1782871800.338029955] [terrain_record_finalize_node]: Recording LiDAR terrain_frames=500, terrain_points=1100479, obstacle_frames=500, obstacle_points=57871, stored_terrain=1100479, stored_obstacle=57871
[terrain_record_finalize_node-3] [INFO] [1782871804.085621488] [terrain_record_finalize_node]: Recording LiDAR terrain_frames=525, terrain_points=1153297, obstacle_frames=525, obstacle_points=59934, stored_terrain=1153297, stored_obstacle=59934
[terrain_record_finalize_node-3] [INFO] [1782871810.855303010] [terrain_record_finalize_node]: finalize 완료: frames=538, terrain_points=1177885, obstacle_points=61878, stored_terrain=1177885, stored_obstacle=61878, voxel_points=155290, ground=145218, non_ground=11189, method=preclassified_lidar_processor, save_file=/home/tankcc/tankcc/tank_terrain_maps/terrain_map_latest.npz
[terrain_record_finalize_node-3] [INFO] [1782871816.338259576] [terrain_record_finalize_node]: 기록된 LiDAR와 최종 지도 결과를 초기화했습니다.
[terrain_record_finalize_node-3] [INFO] [1782871821.790475256] [terrain_record_finalize_node]: Recording LiDAR terrain_frames=25, terrain_points=52426, obstacle_frames=25, obstacle_points=2242, stored_terrain=52426, stored_obstacle=2242
[terrain_record_finalize_node-3] [INFO] [1782871825.415707486] [terrain_record_finalize_node]: Recording LiDAR terrain_frames=50, terrain_points=105914, obstacle_frames=50, obstacle_points=3315, stored_terrain=105914, stored_obstacle=3315
[terrain_record_finalize_node-3] [INFO] [1782871829.416436773] [terrain_record_finalize_node]: Recording LiDAR terrain_frames=75, terrain_points=158814, obstacle_frames=75, obstacle_points=5308, stored_terrain=158814, stored_obstacle=5308
[terrain_record_finalize_node-3] [INFO] [1782871833.573121916] [terrain_record_finalize_node]: Recording LiDAR terrain_frames=100, terrain_points=205064, obstacle_frames=100, obstacle_points=9829, stored_terrain=205064, stored_obstacle=9829
[terrain_record_finalize_node-3] [INFO] [1782871837.299927735] [terrain_record_finalize_node]: Recording LiDAR terrain_frames=125, terrain_points=245171, obstacle_frames=125, obstacle_points=15288, stored_terrain=245171, stored_obstacle=15288
[terrain_record_finalize_node-3] [INFO] [1782871841.289222052] [terrain_record_finalize_node]: Recording LiDAR terrain_frames=150, terrain_points=287094, obstacle_frames=150, obstacle_points=24116, stored_terrain=287094, stored_obstacle=24116
[terrain_record_finalize_node-3] [INFO] [1782871844.464055564] [terrain_record_finalize_node]: Recording LiDAR terrain_frames=175, terrain_points=328644, obstacle_frames=175, obstacle_points=41549, stored_terrain=328644, stored_obstacle=41549
[terrain_record_finalize_node-3] [INFO] [1782871848.336842843] [terrain_record_finalize_node]: Recording LiDAR terrain_frames=200, terrain_points=380036, obstacle_frames=200, obstacle_points=53662, stored_terrain=380036, stored_obstacle=53662
[terrain_record_finalize_node-3] [INFO] [1782871852.125703445] [terrain_record_finalize_node]: Recording LiDAR terrain_frames=225, terrain_points=433774, obstacle_frames=225, obstacle_points=59604, stored_terrain=433774, stored_obstacle=59604
[terrain_record_finalize_node-3] [INFO] [1782871855.924647529] [terrain_record_finalize_node]: Recording LiDAR terrain_frames=250, terrain_points=487227, obstacle_frames=250, obstacle_points=65609, stored_terrain=487227, stored_obstacle=65609
[terrain_record_finalize_node-3] [INFO] [1782871859.515932946] [terrain_record_finalize_node]: Recording LiDAR terrain_frames=275, terrain_points=533062, obstacle_frames=275, obstacle_points=72660, stored_terrain=533062, stored_obstacle=72660
[terrain_record_finalize_node-3] [INFO] [1782871862.909563596] [terrain_record_finalize_node]: Recording LiDAR terrain_frames=300, terrain_points=582875, obstacle_frames=300, obstacle_points=78107, stored_terrain=582875, stored_obstacle=78107
[terrain_record_finalize_node-3] [INFO] [1782871866.332772353] [terrain_record_finalize_node]: Recording LiDAR terrain_frames=325, terrain_points=631748, obstacle_frames=325, obstacle_points=81029, stored_terrain=631748, stored_obstacle=81029
[terrain_record_finalize_node-3] [INFO] [1782871869.513372116] [terrain_record_finalize_node]: Recording LiDAR terrain_frames=350, terrain_points=676307, obstacle_frames=350, obstacle_points=83507, stored_terrain=676307, stored_obstacle=83507
[terrain_record_finalize_node-3] [INFO] [1782871873.158169032] [terrain_record_finalize_node]: Recording LiDAR terrain_frames=375, terrain_points=717180, obstacle_frames=375, obstacle_points=84895, stored_terrain=717180, stored_obstacle=84895
[terrain_record_finalize_node-3] [INFO] [1782871877.112612259] [terrain_record_finalize_node]: Recording LiDAR terrain_frames=400, terrain_points=748918, obstacle_frames=400, obstacle_points=86817, stored_terrain=748918, stored_obstacle=86817
[terrain_record_finalize_node-3] [INFO] [1782871880.682912986] [terrain_record_finalize_node]: Recording LiDAR terrain_frames=425, terrain_points=779823, obstacle_frames=425, obstacle_points=89694, stored_terrain=779823, stored_obstacle=89694
[terrain_record_finalize_node-3] [INFO] [1782871884.405438308] [terrain_record_finalize_node]: Recording LiDAR terrain_frames=450, terrain_points=821256, obstacle_frames=450, obstacle_points=92866, stored_terrain=821256, stored_obstacle=92866
[terrain_record_finalize_node-3] [INFO] [1782871887.518123681] [terrain_record_finalize_node]: Recording LiDAR terrain_frames=475, terrain_points=872886, obstacle_frames=475, obstacle_points=95423, stored_terrain=872886, stored_obstacle=95423
[terrain_record_finalize_node-3] [INFO] [1782871891.077917575] [terrain_record_finalize_node]: Recording LiDAR terrain_frames=500, terrain_points=914376, obstacle_frames=500, obstacle_points=98682, stored_terrain=914376, stored_obstacle=98682
[terrain_record_finalize_node-3] [INFO] [1782871894.915913065] [terrain_record_finalize_node]: Recording LiDAR terrain_frames=525, terrain_points=936101, obstacle_frames=525, obstacle_points=102881, stored_terrain=936101, stored_obstacle=102881
[terrain_record_finalize_node-3] [INFO] [1782871898.674511358] [terrain_record_finalize_node]: Recording LiDAR terrain_frames=550, terrain_points=974639, obstacle_frames=550, obstacle_points=107807, stored_terrain=974639, stored_obstacle=107807
[terrain_record_finalize_node-3] [INFO] [1782871902.092386093] [terrain_record_finalize_node]: Recording LiDAR terrain_frames=575, terrain_points=1014703, obstacle_frames=575, obstacle_points=111817, stored_terrain=1014703, stored_obstacle=111817
[terrain_record_finalize_node-3] [INFO] [1782871905.580764816] [terrain_record_finalize_node]: Recording LiDAR terrain_frames=600, terrain_points=1056022, obstacle_frames=600, obstacle_points=117399, stored_terrain=1056022, stored_obstacle=117399
[terrain_record_finalize_node-3] [INFO] [1782871909.239641858] [terrain_record_finalize_node]: Recording LiDAR terrain_frames=625, terrain_points=1098569, obstacle_frames=625, obstacle_points=128203, stored_terrain=1098569, stored_obstacle=128203
[terrain_record_finalize_node-3] [INFO] [1782871912.842434907] [terrain_record_finalize_node]: Recording LiDAR terrain_frames=650, terrain_points=1147909, obstacle_frames=650, obstacle_points=138532, stored_terrain=1147909, stored_obstacle=138532
[terrain_record_finalize_node-3] [INFO] [1782871916.880611101] [terrain_record_finalize_node]: Recording LiDAR terrain_frames=675, terrain_points=1206473, obstacle_frames=675, obstacle_points=147749, stored_terrain=1206473, stored_obstacle=147749
[terrain_record_finalize_node-3] [INFO] [1782871920.752770607] [terrain_record_finalize_node]: Recording LiDAR terrain_frames=700, terrain_points=1263004, obstacle_frames=700, obstacle_points=157702, stored_terrain=1263004, stored_obstacle=157702
[terrain_record_finalize_node-3] [INFO] [1782871924.600668449] [terrain_record_finalize_node]: Recording LiDAR terrain_frames=725, terrain_points=1315060, obstacle_frames=725, obstacle_points=168539, stored_terrain=1315060, stored_obstacle=168539
[terrain_record_finalize_node-3] [INFO] [1782871928.345576059] [terrain_record_finalize_node]: Recording LiDAR terrain_frames=750, terrain_points=1359957, obstacle_frames=750, obstacle_points=177412, stored_terrain=1359957, stored_obstacle=177412
[terrain_record_finalize_node-3] [INFO] [1782871932.037858128] [terrain_record_finalize_node]: Recording LiDAR terrain_frames=775, terrain_points=1403513, obstacle_frames=775, obstacle_points=184509, stored_terrain=1403513, stored_obstacle=184509
[terrain_record_finalize_node-3] [INFO] [1782871936.027957448] [terrain_record_finalize_node]: Recording LiDAR terrain_frames=800, terrain_points=1448791, obstacle_frames=800, obstacle_points=189263, stored_terrain=1448791, stored_obstacle=189263
[terrain_record_finalize_node-3] [INFO] [1782871942.942699737] [terrain_record_finalize_node]: finalize 완료: frames=812, terrain_points=1471102, obstacle_points=191309, stored_terrain=1471102, stored_obstacle=191309, voxel_points=187796, ground=165487, non_ground=24947, method=preclassified_lidar_processor, save_file=/home/tankcc/tankcc/tank_terrain_maps/terrain_map_latest.npz
